#
# A fatal error has been detected by the Java Runtime Environment:
#
#  EXCEPTION_ACCESS_VIOLATION (0xc0000005) at pc=0x00007fff71d14c5f, pid=2844, tid=4576
#
# JRE version: OpenJDK Runtime Environment (11.0.13) (build 11.0.13+0-b1751.21-8125866)
# Java VM: OpenJDK 64-Bit Server VM (11.0.13+0-b1751.21-8125866, mixed mode, tiered, compressed oops, g1 gc, windows-amd64)
# Problematic frame:
# V  [jvm.dll+0x524c5f]
#
# No core dump will be written. Minidumps are not enabled by default on client versions of Windows
#
# If you would like to submit a bug report, please visit:
#   https://bugreport.java.com/bugreport/crash.jsp
#

---------------  S U M M A R Y ------------

Command Line: --add-opens=java.base/java.util=ALL-UNNAMED --add-opens=java.base/java.lang=ALL-UNNAMED --add-opens=java.base/java.lang.invoke=ALL-UNNAMED --add-opens=java.base/java.util=ALL-UNNAMED --add-opens=java.prefs/java.util.prefs=ALL-UNNAMED --add-opens=java.prefs/java.util.prefs=ALL-UNNAMED --add-opens=java.base/java.nio.charset=ALL-UNNAMED --add-opens=java.base/java.net=ALL-UNNAMED --add-opens=java.base/java.util.concurrent.atomic=ALL-UNNAMED -Xmx2048m -Dfile.encoding=UTF-8 -Duser.country=RU -Duser.language=ru -Duser.variant org.gradle.launcher.daemon.bootstrap.GradleDaemon 7.4

Host: AMD Ryzen 5 3500U with Radeon Vega Mobile Gfx  , 8 cores, 5G,  Windows 10 , 64 bit Build 17763 (10.0.17763.3287)
Time: Mon Nov 21 14:28:43 2022 RTZ 2 (ceia) elapsed time: 57.356786 seconds (0d 0h 0m 57s)

---------------  T H R E A D  ---------------

Current thread (0x0000016acb345000):  JavaThread "C2 CompilerThread1" daemon [_thread_in_native, id=4576, stack(0x00000032ccd00000,0x00000032cce00000)]


Current CompileTask:
C2:  57356 12038       4       com.google.common.collect.RegularImmutableMap::fromEntryArray (201 bytes)

Stack: [0x00000032ccd00000,0x00000032cce00000],  sp=0x00000032ccdfb990,  free space=1006k
Native frames: (J=compiled Java code, j=interpreted, Vv=VM code, C=native code)
V  [jvm.dll+0x524c5f]
V  [jvm.dll+0x524484]
V  [jvm.dll+0x2045ac]
V  [jvm.dll+0x2023c2]
V  [jvm.dll+0x188e01]
V  [jvm.dll+0x21106b]
V  [jvm.dll+0x20f8c1]
V  [jvm.dll+0x70de0f]
V  [jvm.dll+0x706a75]
V  [jvm.dll+0x60ed66]
C  [ucrtbase.dll+0x2268a]
C  [KERNEL32.DLL+0x17974]
C  [ntdll.dll+0x5a371]


siginfo: EXCEPTION_ACCESS_VIOLATION (0xc0000005), reading address 0xffffffffffffffff


Register to memory mapping:

RIP=0x00007fff71d14c5f jvm.dll
RAX=0x00007fff71ffa518 jvm.dll
RBX=0x00000032ccdfc020 is pointing into the stack for thread: 0x0000016acb345000
RCX=0x0000016accbc4278 points into unknown readable memory: 0x00007fff71ffa518 | 18 a5 ff 71 ff 7f 00 00
RDX=0x0000016acb698ae0 points into unknown readable memory: 0x800003f033800feb | eb 0f 80 33 f0 03 00 80
RSP=0x00000032ccdfb990 is pointing into the stack for thread: 0x0000016acb345000
RBP=0x00000032ccdfba10 is pointing into the stack for thread: 0x0000016acb345000
RSI=0x0000000000000716 is an unknown value
RDI=0x0000016accbc4278 points into unknown readable memory: 0x00007fff71ffa518 | 18 a5 ff 71 ff 7f 00 00
R8 =0x0000000000000002 is an unknown value
R9 =0x0000000000000002 is an unknown value
R10=0x0000016acb6988e0 points into unknown readable memory: 0x0000016ace67f670 | 70 f6 67 ce 6a 01 00 00
R11=0x0000016acb698ee0 points into unknown readable memory: 0x0000016acb5624f8 | f8 24 56 cb 6a 01 00 00
R12=0x0000016accbc41e0 points into unknown readable memory: 0x00007fff71ff8518 | 18 85 ff 71 ff 7f 00 00
R13=0x00000032ccdfba38 is pointing into the stack for thread: 0x0000016acb345000
R14=0x0000000000000003 is an unknown value
R15=0x00000032ccdfbaa0 is pointing into the stack for thread: 0x0000016acb345000


Registers:
RAX=0x00007fff71ffa518, RBX=0x00000032ccdfc020, RCX=0x0000016accbc4278, RDX=0x0000016acb698ae0
RSP=0x00000032ccdfb990, RBP=0x00000032ccdfba10, RSI=0x0000000000000716, RDI=0x0000016accbc4278
R8 =0x0000000000000002, R9 =0x0000000000000002, R10=0x0000016acb6988e0, R11=0x0000016acb698ee0
R12=0x0000016accbc41e0, R13=0x00000032ccdfba38, R14=0x0000000000000003, R15=0x00000032ccdfbaa0
RIP=0x00007fff71d14c5f, EFLAGS=0x0000000000010206

Top of Stack: (sp=0x00000032ccdfb990)
0x00000032ccdfb990:   00000032ccdfc020 00000032ccdfba10
0x00000032ccdfb9a0:   0000016accbc4c30 00007fff71d15f93
0x00000032ccdfb9b0:   0000000000000002 0000000000000002
0x00000032ccdfb9c0:   00000032ccdfc000 0000000000000016
0x00000032ccdfb9d0:   0000016ac67d0dc0 0000000000000000
0x00000032ccdfb9e0:   00000032ccdfbaf0 00007fff71d14484
0x00000032ccdfb9f0:   00000032ccdfc000 0000016acc4f30a0
0x00000032ccdfba00:   0000000000000004 00000032ccdfbaa0
0x00000032ccdfba10:   0000016ac67d0dc0 00007fff00000080
0x00000032ccdfba20:   0000016acb698ce0 0000000000000024
0x00000032ccdfba30:   0000000000000002 00007fff72088fa8
0x00000032ccdfba40:   0000016ac67d0dc0 00007fff00000080
0x00000032ccdfba50:   0000016acb698ae0 0000016ac67d0dc0
0x00000032ccdfba60:   0000016ac9f0ec80 0000000000020360
0x00000032ccdfba70:   0000016ac9f0ecd0 0000016ac9f16c68
0x00000032ccdfba80:   0000016ac67d0dc0 00007fff00000004 

Instructions: (pc=0x00007fff71d14c5f)
0x00007fff71d14b5f:   00 00 49 83 b8 a8 09 00 00 00 0f 85 c7 00 00 00
0x00007fff71d14b6f:   f6 46 5a 04 0f 84 bd 00 00 00 49 8b 04 24 49 8b
0x00007fff71d14b7f:   cc ff 10 3d ff 00 00 00 0f 85 a9 00 00 00 48 8b
0x00007fff71d14b8f:   7c 24 60 49 8b d4 48 8b cf e8 73 49 00 00 84 c0
0x00007fff71d14b9f:   0f 84 91 00 00 00 49 8b 44 24 08 49 8b d4 48 8b
0x00007fff71d14baf:   cf 4c 8b 30 4d 8b c6 e8 d5 ec fe ff 48 8b 4e 60
0x00007fff71d14bbf:   48 85 c9 74 08 49 8b d4 e8 54 b6 0c 00 41 8b 4e
0x00007fff71d14bcf:   28 8b c1 c1 e8 05 41 3b 45 10 72 0e 49 8b 45 00
0x00007fff71d14bdf:   8b d1 49 8b cd ff 50 18 eb 25 83 e1 1f 41 b8 01
0x00007fff71d14bef:   00 00 00 41 d3 e0 8b c8 49 8b 45 18 48 8d 14 88
0x00007fff71d14bff:   8b 0c 88 8b c1 41 0b c8 89 0a 41 23 c0 75 20 8b
0x00007fff71d14c0f:   7d 18 8d 47 01 89 45 18 3b 7d 08 72 0a 8b d7 48
0x00007fff71d14c1f:   8b cd e8 ba a0 0c 00 48 8b 45 10 4c 89 34 f8 44
0x00007fff71d14c2f:   8b 74 24 70 41 ff c6 44 3b 74 24 70 0f 83 eb 00
0x00007fff71d14c3f:   00 00 49 8b 44 24 08 41 8b ce 41 ff c6 48 8b 3c
0x00007fff71d14c4f:   c8 48 85 ff 0f 84 c3 00 00 00 48 8b 07 48 8b cf
0x00007fff71d14c5f:   ff 90 a8 00 00 00 84 c0 74 32 48 8b 07 48 8b cf
0x00007fff71d14c6f:   ff 50 10 84 c0 75 25 48 8b 47 08 8b 77 28 4c 8b
0x00007fff71d14c7f:   38 3b 73 08 72 0a 8b d6 48 8b cb e8 51 a0 0c 00
0x00007fff71d14c8f:   48 8b 43 10 49 8d 57 01 48 89 14 f0 8b 4f 28 8b
0x00007fff71d14c9f:   c1 c1 e8 05 41 3b 45 10 72 11 49 8b 45 00 8b d1
0x00007fff71d14caf:   49 8b cd ff 50 18 45 33 c9 eb 20 83 e1 1f 41 b8
0x00007fff71d14cbf:   01 00 00 00 41 d3 e0 8b c8 45 8b c8 49 8b 45 18
0x00007fff71d14ccf:   44 23 0c 88 48 8d 14 88 44 09 02 8b 47 28 3b 43
0x00007fff71d14cdf:   08 0f 83 ae 00 00 00 8b c8 48 8b 43 10 48 83 3c
0x00007fff71d14cef:   c8 00 0f 84 9d 00 00 00 45 85 c9 75 20 8b 75 18
0x00007fff71d14cff:   8d 46 01 89 45 18 3b 75 08 72 0a 8b d6 48 8b cd
0x00007fff71d14d0f:   e8 cc 9f 0c 00 48 8b 45 10 48 89 3c f0 44 3b 74
0x00007fff71d14d1f:   24 70 0f 82 1a ff ff ff 4c 8b 7c 24 78 41 8b 44
0x00007fff71d14d2f:   24 28 3b 43 08 73 0d 8b c8 48 8b 43 10 48 83 3c
0x00007fff71d14d3f:   c8 00 75 30 48 8b 4c 24 60 49 8b d4 e8 70 2b 00
0x00007fff71d14d4f:   00 41 8b 7c 24 28 48 8b f0 3b 7b 08 72 0a 8b d7 


Stack slot to memory mapping:
stack at sp + 0 slots: 0x00000032ccdfc020 is pointing into the stack for thread: 0x0000016acb345000
stack at sp + 1 slots: 0x00000032ccdfba10 is pointing into the stack for thread: 0x0000016acb345000
stack at sp + 2 slots: 0x0000016accbc4c30 points into unknown readable memory: 0x00007fff72074bf8 | f8 4b 07 72 ff 7f 00 00
stack at sp + 3 slots: 0x00007fff71d15f93 jvm.dll
stack at sp + 4 slots: 0x0000000000000002 is an unknown value
stack at sp + 5 slots: 0x0000000000000002 is an unknown value
stack at sp + 6 slots: 0x00000032ccdfc000 is pointing into the stack for thread: 0x0000016acb345000
stack at sp + 7 slots: 0x0000000000000016 is an unknown value


---------------  P R O C E S S  ---------------

Threads class SMR info:
_java_thread_list=0x0000016acacc7ce0, length=135, elements={
0x0000016aa4fd3000, 0x0000016ac1407800, 0x0000016ac1414000, 0x0000016ac1d9b000,
0x0000016ac1d9c000, 0x0000016ac1d9e800, 0x0000016ac1da1800, 0x0000016ac1da2800,
0x0000016ac1434800, 0x0000016ac1eef800, 0x0000016ac7e79800, 0x0000016ac67bb000,
0x0000016ac66cc800, 0x0000016ac7fa8000, 0x0000016ac292f800, 0x0000016ac2930000,
0x0000016ac20c3000, 0x0000016ac20c4000, 0x0000016ac7300800, 0x0000016ac7ea9000,
0x0000016ac72fa000, 0x0000016ac72f6000, 0x0000016ac72f4800, 0x0000016ac72f8000,
0x0000016ac72f7000, 0x0000016ac72f9800, 0x0000016ac72f8800, 0x0000016ac72fb000,
0x0000016ac72f5800, 0x0000016acbedb800, 0x0000016acbeda800, 0x0000016acbedc800,
0x0000016acbede000, 0x0000016acbed8000, 0x0000016acbedf000, 0x0000016acbed9000,
0x0000016acbedf800, 0x0000016acbeda000, 0x0000016acbee3000, 0x0000016acbee3800,
0x0000016acbee4800, 0x0000016acbee5800, 0x0000016acbee6000, 0x0000016acbee2000,
0x0000016acbee0800, 0x0000016acbee7000, 0x0000016acbee1000, 0x0000016aca6e8000,
0x0000016aca6e6000, 0x0000016aca6e4800, 0x0000016aca6e7000, 0x0000016aca6ea000,
0x0000016aca6e8800, 0x0000016aca6e9800, 0x0000016aca6eb000, 0x0000016aca6e5800,
0x0000016aca6ee800, 0x0000016aca6ef000, 0x0000016aca6f0000, 0x0000016aca6f1800,
0x0000016aca6ed800, 0x0000016aca6ec800, 0x0000016aca6f1000, 0x0000016aca6ec000,
0x0000016aca6f3000, 0x0000016aca6f2800, 0x0000016acc4d2000, 0x0000016acc4ce800,
0x0000016acc4d1000, 0x0000016acc4d0000, 0x0000016acc4cd800, 0x0000016acc4cc000,
0x0000016acc4cf800, 0x0000016acc4d2800, 0x0000016acc4cd000, 0x0000016acc4d6000,
0x0000016acc4d3800, 0x0000016acc4d6800, 0x0000016acc4d5000, 0x0000016acc4d4000,
0x0000016acc4da000, 0x0000016acc4d9000, 0x0000016acc4d8800, 0x0000016acc4d7800,
0x0000016acc4da800, 0x0000016acc240800, 0x0000016acc23f000, 0x0000016acc240000,
0x0000016acc23b000, 0x0000016acc241800, 0x0000016acc23c800, 0x0000016acc23c000,
0x0000016acc23e800, 0x0000016acc242800, 0x0000016acc23d800, 0x0000016acc245000,
0x0000016acc246800, 0x0000016acc248000, 0x0000016acc247800, 0x0000016acc244000,
0x0000016acc249000, 0x0000016acc243000, 0x0000016acc245800, 0x0000016acc249800,
0x0000016acb221800, 0x0000016acb226800, 0x0000016acb223000, 0x0000016acb227800,
0x0000016acb225000, 0x0000016acb225800, 0x0000016acb228000, 0x0000016acb224000,
0x0000016acb222800, 0x0000016acb22e800, 0x0000016acb229000, 0x0000016acb22a800,
0x0000016acb22f800, 0x0000016acb22d000, 0x0000016acb22b800, 0x0000016acb229800,
0x0000016acb22e000, 0x0000016acb230800, 0x0000016acb22c000, 0x0000016acdb70000,
0x0000016acdb71000, 0x0000016acdb72000, 0x0000016acdb6e800, 0x0000016acdb72800,
0x0000016acdb73800, 0x0000016acdb75000, 0x0000016acdb6f800, 0x0000016acdb74800,
0x0000016acb345000, 0x0000016aca32f800, 0x0000016ac9e3d000
}

Java Threads: ( => current thread )
  0x0000016aa4fd3000 JavaThread "main" [_thread_blocked, id=8252, stack(0x00000032ca700000,0x00000032ca800000)]
  0x0000016ac1407800 JavaThread "Reference Handler" daemon [_thread_blocked, id=1504, stack(0x00000032cae00000,0x00000032caf00000)]
  0x0000016ac1414000 JavaThread "Finalizer" daemon [_thread_blocked, id=9120, stack(0x00000032caf00000,0x00000032cb000000)]
  0x0000016ac1d9b000 JavaThread "Signal Dispatcher" daemon [_thread_blocked, id=1692, stack(0x00000032cb000000,0x00000032cb100000)]
  0x0000016ac1d9c000 JavaThread "Attach Listener" daemon [_thread_blocked, id=1176, stack(0x00000032cb100000,0x00000032cb200000)]
  0x0000016ac1d9e800 JavaThread "Service Thread" daemon [_thread_blocked, id=1912, stack(0x00000032cb200000,0x00000032cb300000)]
  0x0000016ac1da1800 JavaThread "C2 CompilerThread0" daemon [_thread_in_native, id=8344, stack(0x00000032cb300000,0x00000032cb400000)]
  0x0000016ac1da2800 JavaThread "C1 CompilerThread0" daemon [_thread_in_native, id=7924, stack(0x00000032cb400000,0x00000032cb500000)]
  0x0000016ac1434800 JavaThread "Sweeper thread" daemon [_thread_blocked, id=1192, stack(0x00000032cb500000,0x00000032cb600000)]
  0x0000016ac1eef800 JavaThread "Common-Cleaner" daemon [_thread_blocked, id=11164, stack(0x00000032cb600000,0x00000032cb700000)]
  0x0000016ac7e79800 JavaThread "Daemon health stats" [_thread_blocked, id=2068, stack(0x00000032cba00000,0x00000032cbb00000)]
  0x0000016ac67bb000 JavaThread "Incoming local TCP Connector on port 62550" [_thread_in_native, id=10076, stack(0x00000032cb800000,0x00000032cb900000)]
  0x0000016ac66cc800 JavaThread "Daemon periodic checks" [_thread_blocked, id=5164, stack(0x00000032cbb00000,0x00000032cbc00000)]
  0x0000016ac7fa8000 JavaThread "Daemon" [_thread_blocked, id=5184, stack(0x00000032cbc00000,0x00000032cbd00000)]
  0x0000016ac292f800 JavaThread "Handler for socket connection from /127.0.0.1:62550 to /127.0.0.1:62551" [_thread_in_native, id=11076, stack(0x00000032cbd00000,0x00000032cbe00000)]
  0x0000016ac2930000 JavaThread "Cancel handler" [_thread_blocked, id=6104, stack(0x00000032cbe00000,0x00000032cbf00000)]
  0x0000016ac20c3000 JavaThread "Daemon worker" [_thread_blocked, id=3460, stack(0x00000032cbf00000,0x00000032cc000000)]
  0x0000016ac20c4000 JavaThread "Asynchronous log dispatcher for DefaultDaemonConnection: socket connection from /127.0.0.1:62550 to /127.0.0.1:62551" [_thread_in_native, id=5096, stack(0x00000032cc000000,0x00000032cc100000)]
  0x0000016ac7300800 JavaThread "Stdin handler" [_thread_blocked, id=6192, stack(0x00000032cc100000,0x00000032cc200000)]
  0x0000016ac7ea9000 JavaThread "Daemon client event forwarder" [_thread_blocked, id=3476, stack(0x00000032cc200000,0x00000032cc300000)]
  0x0000016ac72fa000 JavaThread "Cache worker for journal cache (C:\Users\RedMuri\.gradle\caches\journal-1)" [_thread_blocked, id=8804, stack(0x00000032cc300000,0x00000032cc400000)]
  0x0000016ac72f6000 JavaThread "File lock request listener" [_thread_in_native, id=10264, stack(0x00000032cc400000,0x00000032cc500000)]
  0x0000016ac72f4800 JavaThread "Cache worker for file hash cache (C:\Users\RedMuri\.gradle\caches\7.4\fileHashes)" [_thread_blocked, id=3576, stack(0x00000032cc500000,0x00000032cc600000)]
  0x0000016ac72f8000 JavaThread "File watcher server" daemon [_thread_in_native, id=8784, stack(0x00000032ccf00000,0x00000032cd000000)]
  0x0000016ac72f7000 JavaThread "File watcher consumer" daemon [_thread_blocked, id=1288, stack(0x00000032cd000000,0x00000032cd100000)]
  0x0000016ac72f9800 JavaThread "Cache worker for checksums cache (C:\Users\RedMuri\AndroidStudioProjects\HomeHelper\.gradle\7.4\checksums)" [_thread_blocked, id=7796, stack(0x00000032cd100000,0x00000032cd200000)]
  0x0000016ac72f8800 JavaThread "Cache worker for cache directory md-rule (C:\Users\RedMuri\.gradle\caches\7.4\md-rule)" [_thread_blocked, id=1800, stack(0x00000032cd200000,0x00000032cd300000)]
  0x0000016ac72fb000 JavaThread "Cache worker for file hash cache (C:\Users\RedMuri\AndroidStudioProjects\HomeHelper\.gradle\7.4\fileHashes)" [_thread_in_native, id=9884, stack(0x00000032cd300000,0x00000032cd400000)]
  0x0000016ac72f5800 JavaThread "Cache worker for cache directory md-supplier (C:\Users\RedMuri\.gradle\caches\7.4\md-supplier)" [_thread_blocked, id=3688, stack(0x00000032cd400000,0x00000032cd500000)]
  0x0000016acbedb800 JavaThread "Cache worker for execution history cache (C:\Users\RedMuri\.gradle\caches\7.4\executionHistory)" [_thread_blocked, id=3716, stack(0x00000032cd500000,0x00000032cd600000)]
  0x0000016acbeda800 JavaThread "jar transforms" [_thread_blocked, id=4572, stack(0x00000032cd600000,0x00000032cd700000)]
  0x0000016acbedc800 JavaThread "Cache worker for file content cache (C:\Users\RedMuri\.gradle\caches\7.4\fileContent)" [_thread_blocked, id=10020, stack(0x00000032cd700000,0x00000032cd800000)]
  0x0000016acbede000 JavaThread "jar transforms Thread 2" [_thread_blocked, id=3860, stack(0x00000032cd800000,0x00000032cd900000)]
  0x0000016acbed8000 JavaThread "Cache worker for dependencies-accessors (C:\Users\RedMuri\AndroidStudioProjects\HomeHelper\.gradle\7.4\dependencies-accessors)" [_thread_blocked, id=10840, stack(0x00000032cd900000,0x00000032cda00000)]
  0x0000016acbedf000 JavaThread "jar transforms Thread 3" [_thread_blocked, id=7476, stack(0x00000032cda00000,0x00000032cdb00000)]
  0x0000016acbed9000 JavaThread "Cache worker for Build Output Cleanup Cache (C:\Users\RedMuri\AndroidStudioProjects\HomeHelper\.gradle\buildOutputCleanup)" [_thread_blocked, id=6972, stack(0x00000032cce00000,0x00000032ccf00000)]
  0x0000016acbedf800 JavaThread "Unconstrained build operations" [_thread_blocked, id=10936, stack(0x00000032cdc00000,0x00000032cdd00000)]
  0x0000016acbeda000 JavaThread "Unconstrained build operations Thread 2" [_thread_blocked, id=9916, stack(0x00000032cdd00000,0x00000032cde00000)]
  0x0000016acbee3000 JavaThread "Unconstrained build operations Thread 3" [_thread_blocked, id=2224, stack(0x00000032cde00000,0x00000032cdf00000)]
  0x0000016acbee3800 JavaThread "Unconstrained build operations Thread 4" [_thread_blocked, id=2212, stack(0x00000032cdf00000,0x00000032ce000000)]
  0x0000016acbee4800 JavaThread "Unconstrained build operations Thread 5" [_thread_blocked, id=4024, stack(0x00000032ce000000,0x00000032ce100000)]
  0x0000016acbee5800 JavaThread "Unconstrained build operations Thread 6" [_thread_blocked, id=4528, stack(0x00000032ce100000,0x00000032ce200000)]
  0x0000016acbee6000 JavaThread "Unconstrained build operations Thread 7" [_thread_blocked, id=6260, stack(0x00000032ce200000,0x00000032ce300000)]
  0x0000016acbee2000 JavaThread "Unconstrained build operations Thread 8" [_thread_blocked, id=4588, stack(0x00000032ce300000,0x00000032ce400000)]
  0x0000016acbee0800 JavaThread "Unconstrained build operations Thread 9" [_thread_blocked, id=4092, stack(0x00000032ce400000,0x00000032ce500000)]
  0x0000016acbee7000 JavaThread "Unconstrained build operations Thread 10" [_thread_blocked, id=4028, stack(0x00000032ce500000,0x00000032ce600000)]
  0x0000016acbee1000 JavaThread "Unconstrained build operations Thread 11" [_thread_blocked, id=6208, stack(0x00000032ce600000,0x00000032ce700000)]
  0x0000016aca6e8000 JavaThread "Unconstrained build operations Thread 12" [_thread_blocked, id=3868, stack(0x00000032ce700000,0x00000032ce800000)]
  0x0000016aca6e6000 JavaThread "Unconstrained build operations Thread 13" [_thread_blocked, id=8968, stack(0x00000032ce800000,0x00000032ce900000)]
  0x0000016aca6e4800 JavaThread "Unconstrained build operations Thread 14" [_thread_blocked, id=4152, stack(0x00000032ce900000,0x00000032cea00000)]
  0x0000016aca6e7000 JavaThread "Unconstrained build operations Thread 15" [_thread_blocked, id=3652, stack(0x00000032cea00000,0x00000032ceb00000)]
  0x0000016aca6ea000 JavaThread "Unconstrained build operations Thread 16" [_thread_blocked, id=11036, stack(0x00000032ceb00000,0x00000032cec00000)]
  0x0000016aca6e8800 JavaThread "Unconstrained build operations Thread 17" [_thread_blocked, id=9544, stack(0x00000032cec00000,0x00000032ced00000)]
  0x0000016aca6e9800 JavaThread "Unconstrained build operations Thread 18" [_thread_blocked, id=7776, stack(0x00000032ced00000,0x00000032cee00000)]
  0x0000016aca6eb000 JavaThread "Unconstrained build operations Thread 19" [_thread_blocked, id=9820, stack(0x00000032cee00000,0x00000032cef00000)]
  0x0000016aca6e5800 JavaThread "Unconstrained build operations Thread 20" [_thread_blocked, id=10128, stack(0x00000032cef00000,0x00000032cf000000)]
  0x0000016aca6ee800 JavaThread "Unconstrained build operations Thread 21" [_thread_blocked, id=4248, stack(0x00000032cf000000,0x00000032cf100000)]
  0x0000016aca6ef000 JavaThread "Unconstrained build operations Thread 22" [_thread_blocked, id=876, stack(0x00000032cf100000,0x00000032cf200000)]
  0x0000016aca6f0000 JavaThread "Unconstrained build operations Thread 23" [_thread_blocked, id=4136, stack(0x00000032cf200000,0x00000032cf300000)]
  0x0000016aca6f1800 JavaThread "Unconstrained build operations Thread 24" [_thread_blocked, id=4140, stack(0x00000032cf300000,0x00000032cf400000)]
  0x0000016aca6ed800 JavaThread "Unconstrained build operations Thread 25" [_thread_blocked, id=5156, stack(0x00000032cf400000,0x00000032cf500000)]
  0x0000016aca6ec800 JavaThread "Unconstrained build operations Thread 26" [_thread_blocked, id=7500, stack(0x00000032cf500000,0x00000032cf600000)]
  0x0000016aca6f1000 JavaThread "Unconstrained build operations Thread 27" [_thread_blocked, id=4324, stack(0x00000032cf600000,0x00000032cf700000)]
  0x0000016aca6ec000 JavaThread "Unconstrained build operations Thread 28" [_thread_blocked, id=6924, stack(0x00000032cf700000,0x00000032cf800000)]
  0x0000016aca6f3000 JavaThread "Unconstrained build operations Thread 29" [_thread_blocked, id=7348, stack(0x00000032cf800000,0x00000032cf900000)]
  0x0000016aca6f2800 JavaThread "Unconstrained build operations Thread 30" [_thread_blocked, id=5112, stack(0x00000032cf900000,0x00000032cfa00000)]
  0x0000016acc4d2000 JavaThread "Unconstrained build operations Thread 31" [_thread_blocked, id=2216, stack(0x00000032cfa00000,0x00000032cfb00000)]
  0x0000016acc4ce800 JavaThread "Unconstrained build operations Thread 32" [_thread_blocked, id=6212, stack(0x00000032cfb00000,0x00000032cfc00000)]
  0x0000016acc4d1000 JavaThread "Unconstrained build operations Thread 33" [_thread_blocked, id=9772, stack(0x00000032cfc00000,0x00000032cfd00000)]
  0x0000016acc4d0000 JavaThread "Unconstrained build operations Thread 34" [_thread_blocked, id=9588, stack(0x00000032cfd00000,0x00000032cfe00000)]
  0x0000016acc4cd800 JavaThread "Unconstrained build operations Thread 35" [_thread_blocked, id=11196, stack(0x00000032cfe00000,0x00000032cff00000)]
  0x0000016acc4cc000 JavaThread "Unconstrained build operations Thread 36" [_thread_blocked, id=9792, stack(0x00000032cff00000,0x00000032d0000000)]
  0x0000016acc4cf800 JavaThread "Unconstrained build operations Thread 37" [_thread_blocked, id=8152, stack(0x00000032d0000000,0x00000032d0100000)]
  0x0000016acc4d2800 JavaThread "Unconstrained build operations Thread 38" [_thread_blocked, id=9560, stack(0x00000032d0100000,0x00000032d0200000)]
  0x0000016acc4cd000 JavaThread "Unconstrained build operations Thread 39" [_thread_blocked, id=9744, stack(0x00000032d0200000,0x00000032d0300000)]
  0x0000016acc4d6000 JavaThread "Unconstrained build operations Thread 40" [_thread_blocked, id=3516, stack(0x00000032d0300000,0x00000032d0400000)]
  0x0000016acc4d3800 JavaThread "Unconstrained build operations Thread 41" [_thread_blocked, id=9416, stack(0x00000032d0400000,0x00000032d0500000)]
  0x0000016acc4d6800 JavaThread "Unconstrained build operations Thread 42" [_thread_blocked, id=8852, stack(0x00000032d0500000,0x00000032d0600000)]
  0x0000016acc4d5000 JavaThread "Unconstrained build operations Thread 43" [_thread_blocked, id=9816, stack(0x00000032d0600000,0x00000032d0700000)]
  0x0000016acc4d4000 JavaThread "Unconstrained build operations Thread 44" [_thread_blocked, id=10232, stack(0x00000032d0700000,0x00000032d0800000)]
  0x0000016acc4da000 JavaThread "Unconstrained build operations Thread 45" [_thread_blocked, id=9808, stack(0x00000032d0800000,0x00000032d0900000)]
  0x0000016acc4d9000 JavaThread "Unconstrained build operations Thread 46" [_thread_blocked, id=9768, stack(0x00000032d0900000,0x00000032d0a00000)]
  0x0000016acc4d8800 JavaThread "Unconstrained build operations Thread 47" [_thread_blocked, id=9972, stack(0x00000032d0a00000,0x00000032d0b00000)]
  0x0000016acc4d7800 JavaThread "Unconstrained build operations Thread 48" [_thread_blocked, id=9800, stack(0x00000032d0b00000,0x00000032d0c00000)]
  0x0000016acc4da800 JavaThread "Unconstrained build operations Thread 49" [_thread_blocked, id=7008, stack(0x00000032d0c00000,0x00000032d0d00000)]
  0x0000016acc240800 JavaThread "Unconstrained build operations Thread 50" [_thread_blocked, id=10052, stack(0x00000032d0d00000,0x00000032d0e00000)]
  0x0000016acc23f000 JavaThread "Unconstrained build operations Thread 51" [_thread_blocked, id=9488, stack(0x00000032d0e00000,0x00000032d0f00000)]
  0x0000016acc240000 JavaThread "Unconstrained build operations Thread 52" [_thread_blocked, id=1668, stack(0x00000032d0f00000,0x00000032d1000000)]
  0x0000016acc23b000 JavaThread "Unconstrained build operations Thread 53" [_thread_blocked, id=9796, stack(0x00000032d1000000,0x00000032d1100000)]
  0x0000016acc241800 JavaThread "Unconstrained build operations Thread 54" [_thread_blocked, id=10168, stack(0x00000032d1100000,0x00000032d1200000)]
  0x0000016acc23c800 JavaThread "Unconstrained build operations Thread 55" [_thread_blocked, id=1228, stack(0x00000032d1200000,0x00000032d1300000)]
  0x0000016acc23c000 JavaThread "Unconstrained build operations Thread 56" [_thread_blocked, id=5060, stack(0x00000032d1300000,0x00000032d1400000)]
  0x0000016acc23e800 JavaThread "Unconstrained build operations Thread 57" [_thread_blocked, id=8748, stack(0x00000032d1400000,0x00000032d1500000)]
  0x0000016acc242800 JavaThread "Unconstrained build operations Thread 58" [_thread_blocked, id=5428, stack(0x00000032d1500000,0x00000032d1600000)]
  0x0000016acc23d800 JavaThread "Unconstrained build operations Thread 59" [_thread_blocked, id=1052, stack(0x00000032d1600000,0x00000032d1700000)]
  0x0000016acc245000 JavaThread "Unconstrained build operations Thread 60" [_thread_blocked, id=8072, stack(0x00000032d1700000,0x00000032d1800000)]
  0x0000016acc246800 JavaThread "Unconstrained build operations Thread 61" [_thread_blocked, id=2672, stack(0x00000032d1800000,0x00000032d1900000)]
  0x0000016acc248000 JavaThread "Unconstrained build operations Thread 62" [_thread_blocked, id=3764, stack(0x00000032d1900000,0x00000032d1a00000)]
  0x0000016acc247800 JavaThread "Unconstrained build operations Thread 63" [_thread_blocked, id=9600, stack(0x00000032d1a00000,0x00000032d1b00000)]
  0x0000016acc244000 JavaThread "Unconstrained build operations Thread 64" [_thread_blocked, id=9596, stack(0x00000032d1b00000,0x00000032d1c00000)]
  0x0000016acc249000 JavaThread "Unconstrained build operations Thread 65" [_thread_blocked, id=9200, stack(0x00000032d1c00000,0x00000032d1d00000)]
  0x0000016acc243000 JavaThread "Unconstrained build operations Thread 66" [_thread_blocked, id=9204, stack(0x00000032d1d00000,0x00000032d1e00000)]
  0x0000016acc245800 JavaThread "Unconstrained build operations Thread 67" [_thread_blocked, id=6932, stack(0x00000032d1e00000,0x00000032d1f00000)]
  0x0000016acc249800 JavaThread "Unconstrained build operations Thread 68" [_thread_blocked, id=2032, stack(0x00000032d1f00000,0x00000032d2000000)]
  0x0000016acb221800 JavaThread "Unconstrained build operations Thread 69" [_thread_blocked, id=8760, stack(0x00000032d2000000,0x00000032d2100000)]
  0x0000016acb226800 JavaThread "Unconstrained build operations Thread 70" [_thread_blocked, id=5456, stack(0x00000032d2100000,0x00000032d2200000)]
  0x0000016acb223000 JavaThread "Unconstrained build operations Thread 71" [_thread_blocked, id=7380, stack(0x00000032d2200000,0x00000032d2300000)]
  0x0000016acb227800 JavaThread "Unconstrained build operations Thread 72" [_thread_blocked, id=8048, stack(0x00000032d2300000,0x00000032d2400000)]
  0x0000016acb225000 JavaThread "Unconstrained build operations Thread 73" [_thread_blocked, id=7048, stack(0x00000032d2400000,0x00000032d2500000)]
  0x0000016acb225800 JavaThread "Unconstrained build operations Thread 74" [_thread_blocked, id=7716, stack(0x00000032d2500000,0x00000032d2600000)]
  0x0000016acb228000 JavaThread "Unconstrained build operations Thread 75" [_thread_blocked, id=3552, stack(0x00000032d2600000,0x00000032d2700000)]
  0x0000016acb224000 JavaThread "Unconstrained build operations Thread 76" [_thread_blocked, id=11220, stack(0x00000032d2700000,0x00000032d2800000)]
  0x0000016acb222800 JavaThread "Unconstrained build operations Thread 77" [_thread_blocked, id=2700, stack(0x00000032d2800000,0x00000032d2900000)]
  0x0000016acb22e800 JavaThread "Unconstrained build operations Thread 78" [_thread_blocked, id=11160, stack(0x00000032d2900000,0x00000032d2a00000)]
  0x0000016acb229000 JavaThread "Unconstrained build operations Thread 79" [_thread_blocked, id=6036, stack(0x00000032d2a00000,0x00000032d2b00000)]
  0x0000016acb22a800 JavaThread "Unconstrained build operations Thread 80" [_thread_blocked, id=5172, stack(0x00000032d2b00000,0x00000032d2c00000)]
  0x0000016acb22f800 JavaThread "jar transforms Thread 4" [_thread_blocked, id=7968, stack(0x00000032d2c00000,0x00000032d2d00000)]
  0x0000016acb22d000 JavaThread "jar transforms Thread 5" [_thread_blocked, id=9468, stack(0x00000032d2d00000,0x00000032d2e00000)]
  0x0000016acb22b800 JavaThread "jar transforms Thread 6" [_thread_blocked, id=10628, stack(0x00000032d2e00000,0x00000032d2f00000)]
  0x0000016acb229800 JavaThread "jar transforms Thread 7" [_thread_blocked, id=9080, stack(0x00000032d2f00000,0x00000032d3000000)]
  0x0000016acb22e000 JavaThread "jar transforms Thread 8" [_thread_blocked, id=6588, stack(0x00000032d3000000,0x00000032d3100000)]
  0x0000016acb230800 JavaThread "Memory manager" [_thread_blocked, id=9552, stack(0x00000032d3100000,0x00000032d3200000)]
  0x0000016acb22c000 JavaThread "build event listener" [_thread_blocked, id=4568, stack(0x00000032d3400000,0x00000032d3500000)]
  0x0000016acdb70000 JavaThread "included builds" [_thread_blocked, id=5032, stack(0x00000032d3500000,0x00000032d3600000)]
  0x0000016acdb71000 JavaThread "Execution worker for ':'" [_thread_blocked, id=8388, stack(0x00000032d3600000,0x00000032d3700000)]
  0x0000016acdb72000 JavaThread "Execution worker for ':' Thread 2" [_thread_blocked, id=2552, stack(0x00000032d3700000,0x00000032d3800000)]
  0x0000016acdb6e800 JavaThread "Execution worker for ':' Thread 3" [_thread_blocked, id=7608, stack(0x00000032d3800000,0x00000032d3900000)]
  0x0000016acdb72800 JavaThread "Execution worker for ':' Thread 4" [_thread_blocked, id=7804, stack(0x00000032d3900000,0x00000032d3a00000)]
  0x0000016acdb73800 JavaThread "Execution worker for ':' Thread 5" [_thread_blocked, id=7296, stack(0x00000032d3a00000,0x00000032d3b00000)]
  0x0000016acdb75000 JavaThread "Execution worker for ':' Thread 6" [_thread_blocked, id=10580, stack(0x00000032d3b00000,0x00000032d3c00000)]
  0x0000016acdb6f800 JavaThread "Execution worker for ':' Thread 7" [_thread_blocked, id=7248, stack(0x00000032d3c00000,0x00000032d3d00000)]
  0x0000016acdb74800 JavaThread "Cache worker for execution history cache (C:\Users\RedMuri\AndroidStudioProjects\HomeHelper\.gradle\7.4\executionHistory)" [_thread_blocked, id=4164, stack(0x00000032d3d00000,0x00000032d3e00000)]
=>0x0000016acb345000 JavaThread "C2 CompilerThread1" daemon [_thread_in_native, id=4576, stack(0x00000032ccd00000,0x00000032cce00000)]
  0x0000016aca32f800 JavaThread "WorkerExecutor Queue" [_thread_blocked, id=9276, stack(0x00000032cdb00000,0x00000032cdc00000)]
  0x0000016ac9e3d000 JavaThread "C2 CompilerThread2" daemon [_thread_in_native, id=9840, stack(0x00000032d3e00000,0x00000032d3f00000)]

Other Threads:
  0x0000016ac1404000 VMThread "VM Thread" [stack: 0x00000032cad00000,0x00000032cae00000] [id=1824]
  0x0000016ac1f06800 WatcherThread [stack: 0x00000032cb700000,0x00000032cb800000] [id=8972]
  0x0000016aa4fee000 GCTaskThread "GC Thread#0" [stack: 0x00000032ca800000,0x00000032ca900000] [id=8964]
  0x0000016ac68eb000 GCTaskThread "GC Thread#1" [stack: 0x00000032cb900000,0x00000032cba00000] [id=2968]
  0x0000016ac6ec9000 GCTaskThread "GC Thread#2" [stack: 0x00000032cc600000,0x00000032cc700000] [id=1468]
  0x0000016ac2890800 GCTaskThread "GC Thread#3" [stack: 0x00000032cc700000,0x00000032cc800000] [id=3248]
  0x0000016ac661e800 GCTaskThread "GC Thread#4" [stack: 0x00000032cc800000,0x00000032cc900000] [id=7096]
  0x0000016ac72aa000 GCTaskThread "GC Thread#5" [stack: 0x00000032cc900000,0x00000032cca00000] [id=884]
  0x0000016ac7ea8000 GCTaskThread "GC Thread#6" [stack: 0x00000032cca00000,0x00000032ccb00000] [id=652]
  0x0000016ac7c80800 GCTaskThread "GC Thread#7" [stack: 0x00000032ccb00000,0x00000032ccc00000] [id=348]
  0x0000016aa5022800 ConcurrentGCThread "G1 Main Marker" [stack: 0x00000032ca900000,0x00000032caa00000] [id=8028]
  0x0000016aa5023800 ConcurrentGCThread "G1 Conc#0" [stack: 0x00000032caa00000,0x00000032cab00000] [id=1356]
  0x0000016ac7f90800 ConcurrentGCThread "G1 Conc#1" [stack: 0x00000032ccc00000,0x00000032ccd00000] [id=856]
  0x0000016ac1250800 ConcurrentGCThread "G1 Refine#0" [stack: 0x00000032cab00000,0x00000032cac00000] [id=8224]
  0x0000016ac1251800 ConcurrentGCThread "G1 Young RemSet Sampling" [stack: 0x00000032cac00000,0x00000032cad00000] [id=9388]

Threads with active compile tasks:
C2 CompilerThread0  57456 12026       4       org.gradle.internal.snapshot.ChildMap$Entry::handlePath (135 bytes)
C2 CompilerThread1  57456 12038       4       com.google.common.collect.RegularImmutableMap::fromEntryArray (201 bytes)
C2 CompilerThread2  57456 11960       4       org.gradle.api.internal.artifacts.transform.ConsumerProvidedVariantFinder::matchAttributes (68 bytes)

VM state:not at safepoint (normal execution)

VM Mutex/Monitor currently owned by a thread: None

Heap address: 0x0000000080000000, size: 2048 MB, Compressed Oops mode: 32-bit
Narrow klass base: 0x0000000000000000, Narrow klass shift: 3
Compressed class space size: 1073741824 Address: 0x0000000100000000

Heap:
 garbage-first heap   total 177152K, used 140333K [0x0000000080000000, 0x0000000100000000)
  region size 1024K, 43 young (44032K), 6 survivors (6144K)
 Metaspace       used 94642K, capacity 96827K, committed 97148K, reserved 1134592K
  class space    used 12114K, capacity 12958K, committed 13056K, reserved 1048576K
Heap Regions: E=young(eden), S=young(survivor), O=old, HS=humongous(starts), HC=humongous(continues), CS=collection set, F=free, A=archive, TAMS=top-at-mark-start (previous, next)
|   0|0x0000000080000000, 0x0000000080100000, 0x0000000080100000|100%| O|  |TAMS 0x0000000080100000, 0x0000000080000000| Untracked 
|   1|0x0000000080100000, 0x0000000080200000, 0x0000000080200000|100%| O|  |TAMS 0x0000000080200000, 0x0000000080100000| Untracked 
|   2|0x0000000080200000, 0x0000000080300000, 0x0000000080300000|100%| O|  |TAMS 0x0000000080300000, 0x0000000080200000| Untracked 
|   3|0x0000000080300000, 0x0000000080400000, 0x0000000080400000|100%|HS|  |TAMS 0x0000000080400000, 0x0000000080300000| Complete 
|   4|0x0000000080400000, 0x0000000080500000, 0x0000000080500000|100%|HC|  |TAMS 0x0000000080500000, 0x0000000080400000| Complete 
|   5|0x0000000080500000, 0x0000000080600000, 0x0000000080600000|100%|HC|  |TAMS 0x0000000080600000, 0x0000000080500000| Complete 
|   6|0x0000000080600000, 0x0000000080700000, 0x0000000080700000|100%| O|  |TAMS 0x0000000080700000, 0x0000000080600000| Untracked 
|   7|0x0000000080700000, 0x0000000080800000, 0x0000000080800000|100%| O|  |TAMS 0x0000000080800000, 0x0000000080700000| Untracked 
|   8|0x0000000080800000, 0x0000000080900000, 0x0000000080900000|100%| O|  |TAMS 0x0000000080900000, 0x0000000080800000| Untracked 
|   9|0x0000000080900000, 0x0000000080a00000, 0x0000000080a00000|100%| O|  |TAMS 0x0000000080a00000, 0x0000000080900000| Untracked 
|  10|0x0000000080a00000, 0x0000000080b00000, 0x0000000080b00000|100%| O|  |TAMS 0x0000000080b00000, 0x0000000080a00000| Untracked 
|  11|0x0000000080b00000, 0x0000000080c00000, 0x0000000080c00000|100%| O|  |TAMS 0x0000000080c00000, 0x0000000080b00000| Untracked 
|  12|0x0000000080c00000, 0x0000000080d00000, 0x0000000080d00000|100%| O|  |TAMS 0x0000000080d00000, 0x0000000080c00000| Untracked 
|  13|0x0000000080d00000, 0x0000000080e00000, 0x0000000080e00000|100%| O|  |TAMS 0x0000000080e00000, 0x0000000080d00000| Untracked 
|  14|0x0000000080e00000, 0x0000000080f00000, 0x0000000080f00000|100%| O|  |TAMS 0x0000000080f00000, 0x0000000080e00000| Untracked 
|  15|0x0000000080f00000, 0x0000000081000000, 0x0000000081000000|100%| O|  |TAMS 0x0000000081000000, 0x0000000080f00000| Untracked 
|  16|0x0000000081000000, 0x0000000081100000, 0x0000000081100000|100%| O|  |TAMS 0x0000000081100000, 0x0000000081000000| Untracked 
|  17|0x0000000081100000, 0x0000000081200000, 0x0000000081200000|100%| O|  |TAMS 0x0000000081200000, 0x0000000081100000| Untracked 
|  18|0x0000000081200000, 0x0000000081300000, 0x0000000081300000|100%| O|  |TAMS 0x0000000081300000, 0x0000000081200000| Untracked 
|  19|0x0000000081300000, 0x0000000081400000, 0x0000000081400000|100%| O|  |TAMS 0x0000000081400000, 0x0000000081300000| Untracked 
|  20|0x0000000081400000, 0x0000000081500000, 0x0000000081500000|100%| O|  |TAMS 0x0000000081500000, 0x0000000081400000| Untracked 
|  21|0x0000000081500000, 0x0000000081600000, 0x0000000081600000|100%| O|  |TAMS 0x0000000081600000, 0x0000000081500000| Untracked 
|  22|0x0000000081600000, 0x0000000081700000, 0x0000000081700000|100%| O|  |TAMS 0x0000000081700000, 0x0000000081600000| Untracked 
|  23|0x0000000081700000, 0x0000000081800000, 0x0000000081800000|100%| O|  |TAMS 0x0000000081800000, 0x0000000081700000| Untracked 
|  24|0x0000000081800000, 0x0000000081900000, 0x0000000081900000|100%| O|  |TAMS 0x0000000081900000, 0x0000000081800000| Untracked 
|  25|0x0000000081900000, 0x0000000081a00000, 0x0000000081a00000|100%| O|  |TAMS 0x0000000081a00000, 0x0000000081900000| Untracked 
|  26|0x0000000081a00000, 0x0000000081b00000, 0x0000000081b00000|100%| O|  |TAMS 0x0000000081b00000, 0x0000000081a00000| Untracked 
|  27|0x0000000081b00000, 0x0000000081c00000, 0x0000000081c00000|100%| O|  |TAMS 0x0000000081c00000, 0x0000000081b00000| Untracked 
|  28|0x0000000081c00000, 0x0000000081d00000, 0x0000000081d00000|100%| O|  |TAMS 0x0000000081d00000, 0x0000000081c00000| Untracked 
|  29|0x0000000081d00000, 0x0000000081e00000, 0x0000000081e00000|100%|HS|  |TAMS 0x0000000081e00000, 0x0000000081d00000| Complete 
|  30|0x0000000081e00000, 0x0000000081f00000, 0x0000000081f00000|100%|HS|  |TAMS 0x0000000081f00000, 0x0000000081e00000| Complete 
|  31|0x0000000081f00000, 0x0000000082000000, 0x0000000082000000|100%|HS|  |TAMS 0x0000000082000000, 0x0000000081f00000| Complete 
|  32|0x0000000082000000, 0x0000000082100000, 0x0000000082100000|100%|HS|  |TAMS 0x0000000082100000, 0x0000000082000000| Complete 
|  33|0x0000000082100000, 0x0000000082200000, 0x0000000082200000|100%|HC|  |TAMS 0x0000000082200000, 0x0000000082100000| Complete 
|  34|0x0000000082200000, 0x0000000082300000, 0x0000000082300000|100%|HC|  |TAMS 0x0000000082300000, 0x0000000082200000| Complete 
|  35|0x0000000082300000, 0x0000000082400000, 0x0000000082400000|100%|HC|  |TAMS 0x0000000082400000, 0x0000000082300000| Complete 
|  36|0x0000000082400000, 0x0000000082500000, 0x0000000082500000|100%| O|  |TAMS 0x0000000082500000, 0x0000000082400000| Untracked 
|  37|0x0000000082500000, 0x0000000082600000, 0x0000000082600000|100%|HS|  |TAMS 0x0000000082600000, 0x0000000082500000| Complete 
|  38|0x0000000082600000, 0x0000000082700000, 0x0000000082700000|100%|HC|  |TAMS 0x0000000082700000, 0x0000000082600000| Complete 
|  39|0x0000000082700000, 0x0000000082800000, 0x0000000082800000|100%| O|  |TAMS 0x0000000082800000, 0x0000000082700000| Untracked 
|  40|0x0000000082800000, 0x0000000082900000, 0x0000000082900000|100%| O|  |TAMS 0x0000000082900000, 0x0000000082800000| Untracked 
|  41|0x0000000082900000, 0x0000000082a00000, 0x0000000082a00000|100%| O|  |TAMS 0x0000000082a00000, 0x0000000082900000| Untracked 
|  42|0x0000000082a00000, 0x0000000082b00000, 0x0000000082b00000|100%| O|  |TAMS 0x0000000082b00000, 0x0000000082a00000| Untracked 
|  43|0x0000000082b00000, 0x0000000082c00000, 0x0000000082c00000|100%| O|  |TAMS 0x0000000082c00000, 0x0000000082b00000| Untracked 
|  44|0x0000000082c00000, 0x0000000082d00000, 0x0000000082d00000|100%| O|  |TAMS 0x0000000082d00000, 0x0000000082c00000| Untracked 
|  45|0x0000000082d00000, 0x0000000082e00000, 0x0000000082e00000|100%| O|  |TAMS 0x0000000082e00000, 0x0000000082d00000| Untracked 
|  46|0x0000000082e00000, 0x0000000082f00000, 0x0000000082f00000|100%| O|  |TAMS 0x0000000082f00000, 0x0000000082e00000| Untracked 
|  47|0x0000000082f00000, 0x0000000083000000, 0x0000000083000000|100%| O|  |TAMS 0x0000000083000000, 0x0000000082f00000| Untracked 
|  48|0x0000000083000000, 0x0000000083100000, 0x0000000083100000|100%| O|  |TAMS 0x0000000083100000, 0x0000000083000000| Untracked 
|  49|0x0000000083100000, 0x0000000083200000, 0x0000000083200000|100%| O|  |TAMS 0x0000000083200000, 0x0000000083100000| Untracked 
|  50|0x0000000083200000, 0x0000000083300000, 0x0000000083300000|100%| O|  |TAMS 0x0000000083300000, 0x0000000083200000| Untracked 
|  51|0x0000000083300000, 0x0000000083400000, 0x0000000083400000|100%| O|  |TAMS 0x0000000083400000, 0x0000000083300000| Untracked 
|  52|0x0000000083400000, 0x0000000083500000, 0x0000000083500000|100%| O|  |TAMS 0x0000000083500000, 0x0000000083400000| Untracked 
|  53|0x0000000083500000, 0x0000000083600000, 0x0000000083600000|100%| O|  |TAMS 0x0000000083600000, 0x0000000083500000| Untracked 
|  54|0x0000000083600000, 0x0000000083700000, 0x0000000083700000|100%| O|  |TAMS 0x0000000083700000, 0x0000000083600000| Untracked 
|  55|0x0000000083700000, 0x0000000083800000, 0x0000000083800000|100%| O|  |TAMS 0x0000000083800000, 0x0000000083700000| Untracked 
|  56|0x0000000083800000, 0x0000000083900000, 0x0000000083900000|100%| O|  |TAMS 0x0000000083900000, 0x0000000083800000| Untracked 
|  57|0x0000000083900000, 0x0000000083a00000, 0x0000000083a00000|100%| O|  |TAMS 0x0000000083a00000, 0x0000000083900000| Untracked 
|  58|0x0000000083a00000, 0x0000000083b00000, 0x0000000083b00000|100%| O|  |TAMS 0x0000000083b00000, 0x0000000083a00000| Untracked 
|  59|0x0000000083b00000, 0x0000000083c00000, 0x0000000083c00000|100%| O|  |TAMS 0x0000000083c00000, 0x0000000083b00000| Untracked 
|  60|0x0000000083c00000, 0x0000000083d00000, 0x0000000083d00000|100%| O|  |TAMS 0x0000000083d00000, 0x0000000083c00000| Untracked 
|  61|0x0000000083d00000, 0x0000000083e00000, 0x0000000083e00000|100%| O|  |TAMS 0x0000000083e00000, 0x0000000083d00000| Untracked 
|  62|0x0000000083e00000, 0x0000000083f00000, 0x0000000083f00000|100%| O|  |TAMS 0x0000000083f00000, 0x0000000083e00000| Untracked 
|  63|0x0000000083f00000, 0x0000000084000000, 0x0000000084000000|100%| O|  |TAMS 0x0000000084000000, 0x0000000083f00000| Untracked 
|  64|0x0000000084000000, 0x0000000084100000, 0x0000000084100000|100%| O|  |TAMS 0x0000000084100000, 0x0000000084000000| Untracked 
|  65|0x0000000084100000, 0x0000000084200000, 0x0000000084200000|100%| O|  |TAMS 0x0000000084200000, 0x0000000084100000| Untracked 
|  66|0x0000000084200000, 0x0000000084300000, 0x0000000084300000|100%| O|  |TAMS 0x0000000084300000, 0x0000000084200000| Untracked 
|  67|0x0000000084300000, 0x0000000084400000, 0x0000000084400000|100%| O|  |TAMS 0x0000000084400000, 0x0000000084300000| Untracked 
|  68|0x0000000084400000, 0x0000000084500000, 0x0000000084500000|100%| O|  |TAMS 0x0000000084500000, 0x0000000084400000| Untracked 
|  69|0x0000000084500000, 0x0000000084600000, 0x0000000084600000|100%| O|  |TAMS 0x0000000084600000, 0x0000000084500000| Untracked 
|  70|0x0000000084600000, 0x0000000084700000, 0x0000000084700000|100%| O|  |TAMS 0x0000000084700000, 0x0000000084600000| Untracked 
|  71|0x0000000084700000, 0x0000000084800000, 0x0000000084800000|100%| O|  |TAMS 0x0000000084800000, 0x0000000084700000| Untracked 
|  72|0x0000000084800000, 0x0000000084900000, 0x0000000084900000|100%| O|  |TAMS 0x0000000084900000, 0x0000000084800000| Untracked 
|  73|0x0000000084900000, 0x0000000084a00000, 0x0000000084a00000|100%| O|  |TAMS 0x0000000084a00000, 0x0000000084900000| Untracked 
|  74|0x0000000084a00000, 0x0000000084b00000, 0x0000000084b00000|100%| O|  |TAMS 0x0000000084b00000, 0x0000000084a00000| Untracked 
|  75|0x0000000084b00000, 0x0000000084c00000, 0x0000000084c00000|100%| O|  |TAMS 0x0000000084c00000, 0x0000000084b00000| Untracked 
|  76|0x0000000084c00000, 0x0000000084d00000, 0x0000000084d00000|100%| O|  |TAMS 0x0000000084d00000, 0x0000000084c00000| Untracked 
|  77|0x0000000084d00000, 0x0000000084e00000, 0x0000000084e00000|100%| O|  |TAMS 0x0000000084e00000, 0x0000000084d00000| Untracked 
|  78|0x0000000084e00000, 0x0000000084f00000, 0x0000000084f00000|100%| O|  |TAMS 0x0000000084f00000, 0x0000000084e00000| Untracked 
|  79|0x0000000084f00000, 0x0000000085000000, 0x0000000085000000|100%| O|  |TAMS 0x0000000085000000, 0x0000000084f00000| Untracked 
|  80|0x0000000085000000, 0x0000000085100000, 0x0000000085100000|100%| O|  |TAMS 0x0000000085100000, 0x0000000085000000| Untracked 
|  81|0x0000000085100000, 0x0000000085200000, 0x0000000085200000|100%| O|  |TAMS 0x0000000085200000, 0x0000000085100000| Untracked 
|  82|0x0000000085200000, 0x0000000085300000, 0x0000000085300000|100%| O|  |TAMS 0x0000000085300000, 0x0000000085200000| Untracked 
|  83|0x0000000085300000, 0x0000000085400000, 0x0000000085400000|100%| O|  |TAMS 0x0000000085400000, 0x0000000085300000| Untracked 
|  84|0x0000000085400000, 0x0000000085500000, 0x0000000085500000|100%| O|  |TAMS 0x0000000085500000, 0x0000000085400000| Untracked 
|  85|0x0000000085500000, 0x0000000085600000, 0x0000000085600000|100%| O|  |TAMS 0x0000000085600000, 0x0000000085500000| Untracked 
|  86|0x0000000085600000, 0x0000000085700000, 0x0000000085700000|100%| O|  |TAMS 0x0000000085700000, 0x0000000085600000| Untracked 
|  87|0x0000000085700000, 0x0000000085800000, 0x0000000085800000|100%| O|  |TAMS 0x0000000085800000, 0x0000000085700000| Untracked 
|  88|0x0000000085800000, 0x0000000085900000, 0x0000000085900000|100%| O|  |TAMS 0x0000000085900000, 0x0000000085800000| Untracked 
|  89|0x0000000085900000, 0x0000000085a00000, 0x0000000085a00000|100%| O|  |TAMS 0x0000000085a00000, 0x0000000085900000| Untracked 
|  90|0x0000000085a00000, 0x0000000085b00000, 0x0000000085b00000|100%| O|  |TAMS 0x0000000085b00000, 0x0000000085a00000| Untracked 
|  91|0x0000000085b00000, 0x0000000085c00000, 0x0000000085c00000|100%| O|  |TAMS 0x0000000085b54a00, 0x0000000085b00000| Untracked 
|  92|0x0000000085c00000, 0x0000000085c0b400, 0x0000000085d00000|  4%| O|  |TAMS 0x0000000085c00000, 0x0000000085c00000| Untracked 
|  93|0x0000000085d00000, 0x0000000085d00000, 0x0000000085e00000|  0%| F|  |TAMS 0x0000000085d00000, 0x0000000085d00000| Untracked 
|  94|0x0000000085e00000, 0x0000000085e00000, 0x0000000085f00000|  0%| F|  |TAMS 0x0000000085e00000, 0x0000000085e00000| Untracked 
|  95|0x0000000085f00000, 0x0000000085f00000, 0x0000000086000000|  0%| F|  |TAMS 0x0000000085f00000, 0x0000000085f00000| Untracked 
|  96|0x0000000086000000, 0x0000000086100000, 0x0000000086100000|100%| O|  |TAMS 0x0000000086100000, 0x0000000086000000| Untracked 
|  97|0x0000000086100000, 0x0000000086200000, 0x0000000086200000|100%| O|  |TAMS 0x0000000086200000, 0x0000000086100000| Untracked 
|  98|0x0000000086200000, 0x0000000086300000, 0x0000000086300000|100%| O|  |TAMS 0x0000000086300000, 0x0000000086200000| Untracked 
|  99|0x0000000086300000, 0x0000000086400000, 0x0000000086400000|100%| O|  |TAMS 0x0000000086400000, 0x0000000086300000| Untracked 
| 100|0x0000000086400000, 0x0000000086400000, 0x0000000086500000|  0%| F|  |TAMS 0x0000000086400000, 0x0000000086400000| Untracked 
| 101|0x0000000086500000, 0x0000000086500000, 0x0000000086600000|  0%| F|  |TAMS 0x0000000086500000, 0x0000000086500000| Untracked 
| 102|0x0000000086600000, 0x0000000086600000, 0x0000000086700000|  0%| F|  |TAMS 0x0000000086600000, 0x0000000086600000| Untracked 
| 103|0x0000000086700000, 0x0000000086700000, 0x0000000086800000|  0%| F|  |TAMS 0x0000000086700000, 0x0000000086700000| Untracked 
| 104|0x0000000086800000, 0x0000000086800000, 0x0000000086900000|  0%| F|  |TAMS 0x0000000086800000, 0x0000000086800000| Untracked 
| 105|0x0000000086900000, 0x0000000086900000, 0x0000000086a00000|  0%| F|  |TAMS 0x0000000086900000, 0x0000000086900000| Untracked 
| 106|0x0000000086a00000, 0x0000000086a00000, 0x0000000086b00000|  0%| F|  |TAMS 0x0000000086a00000, 0x0000000086a00000| Untracked 
| 107|0x0000000086b00000, 0x0000000086b00000, 0x0000000086c00000|  0%| F|  |TAMS 0x0000000086b00000, 0x0000000086b00000| Untracked 
| 108|0x0000000086c00000, 0x0000000086c00000, 0x0000000086d00000|  0%| F|  |TAMS 0x0000000086c00000, 0x0000000086c00000| Untracked 
| 109|0x0000000086d00000, 0x0000000086d00000, 0x0000000086e00000|  0%| F|  |TAMS 0x0000000086d00000, 0x0000000086d00000| Untracked 
| 110|0x0000000086e00000, 0x0000000086e00000, 0x0000000086f00000|  0%| F|  |TAMS 0x0000000086e00000, 0x0000000086e00000| Untracked 
| 111|0x0000000086f00000, 0x0000000086f00000, 0x0000000087000000|  0%| F|  |TAMS 0x0000000086f00000, 0x0000000086f00000| Untracked 
| 112|0x0000000087000000, 0x0000000087000000, 0x0000000087100000|  0%| F|  |TAMS 0x0000000087000000, 0x0000000087000000| Untracked 
| 113|0x0000000087100000, 0x0000000087100000, 0x0000000087200000|  0%| F|  |TAMS 0x0000000087100000, 0x0000000087100000| Untracked 
| 114|0x0000000087200000, 0x0000000087200000, 0x0000000087300000|  0%| F|  |TAMS 0x0000000087200000, 0x0000000087200000| Untracked 
| 115|0x0000000087300000, 0x0000000087300000, 0x0000000087400000|  0%| F|  |TAMS 0x0000000087300000, 0x0000000087300000| Untracked 
| 116|0x0000000087400000, 0x0000000087400000, 0x0000000087500000|  0%| F|  |TAMS 0x0000000087400000, 0x0000000087400000| Untracked 
| 117|0x0000000087500000, 0x0000000087500000, 0x0000000087600000|  0%| F|  |TAMS 0x0000000087500000, 0x0000000087500000| Untracked 
| 118|0x0000000087600000, 0x0000000087600000, 0x0000000087700000|  0%| F|  |TAMS 0x0000000087600000, 0x0000000087600000| Untracked 
| 119|0x0000000087700000, 0x0000000087700000, 0x0000000087800000|  0%| F|  |TAMS 0x0000000087700000, 0x0000000087700000| Untracked 
| 120|0x0000000087800000, 0x0000000087800000, 0x0000000087900000|  0%| F|  |TAMS 0x0000000087800000, 0x0000000087800000| Untracked 
| 121|0x0000000087900000, 0x0000000087a00000, 0x0000000087a00000|100%| S|CS|TAMS 0x0000000087900000, 0x0000000087900000| Complete 
| 122|0x0000000087a00000, 0x0000000087b00000, 0x0000000087b00000|100%| S|CS|TAMS 0x0000000087a00000, 0x0000000087a00000| Complete 
| 123|0x0000000087b00000, 0x0000000087c00000, 0x0000000087c00000|100%| S|CS|TAMS 0x0000000087b00000, 0x0000000087b00000| Complete 
| 124|0x0000000087c00000, 0x0000000087d00000, 0x0000000087d00000|100%| S|CS|TAMS 0x0000000087c00000, 0x0000000087c00000| Complete 
| 125|0x0000000087d00000, 0x0000000087e00000, 0x0000000087e00000|100%| S|CS|TAMS 0x0000000087d00000, 0x0000000087d00000| Complete 
| 126|0x0000000087e00000, 0x0000000087e00000, 0x0000000087f00000|  0%| F|  |TAMS 0x0000000087e00000, 0x0000000087e00000| Untracked 
| 127|0x0000000087f00000, 0x0000000087f00000, 0x0000000088000000|  0%| F|  |TAMS 0x0000000087f00000, 0x0000000087f00000| Untracked 
| 128|0x0000000088000000, 0x0000000088000000, 0x0000000088100000|  0%| F|  |TAMS 0x0000000088000000, 0x0000000088000000| Untracked 
| 129|0x0000000088100000, 0x0000000088200000, 0x0000000088200000|100%| S|CS|TAMS 0x0000000088100000, 0x0000000088100000| Complete 
| 130|0x0000000088200000, 0x0000000088200000, 0x0000000088300000|  0%| F|  |TAMS 0x0000000088200000, 0x0000000088200000| Untracked 
| 131|0x0000000088300000, 0x0000000088300000, 0x0000000088400000|  0%| F|  |TAMS 0x0000000088300000, 0x0000000088300000| Untracked 
| 132|0x0000000088400000, 0x0000000088400000, 0x0000000088500000|  0%| F|  |TAMS 0x0000000088400000, 0x0000000088400000| Untracked 
| 133|0x0000000088500000, 0x0000000088500000, 0x0000000088600000|  0%| F|  |TAMS 0x0000000088500000, 0x0000000088500000| Untracked 
| 134|0x0000000088600000, 0x0000000088600000, 0x0000000088700000|  0%| F|  |TAMS 0x0000000088600000, 0x0000000088600000| Untracked 
| 135|0x0000000088700000, 0x0000000088757618, 0x0000000088800000| 34%| E|  |TAMS 0x0000000088700000, 0x0000000088700000| Complete 
| 136|0x0000000088800000, 0x0000000088900000, 0x0000000088900000|100%| E|CS|TAMS 0x0000000088800000, 0x0000000088800000| Complete 
| 137|0x0000000088900000, 0x0000000088a00000, 0x0000000088a00000|100%| E|CS|TAMS 0x0000000088900000, 0x0000000088900000| Complete 
| 138|0x0000000088a00000, 0x0000000088b00000, 0x0000000088b00000|100%| E|  |TAMS 0x0000000088a00000, 0x0000000088a00000| Complete 
| 139|0x0000000088b00000, 0x0000000088c00000, 0x0000000088c00000|100%| E|CS|TAMS 0x0000000088b00000, 0x0000000088b00000| Complete 
| 140|0x0000000088c00000, 0x0000000088d00000, 0x0000000088d00000|100%| E|CS|TAMS 0x0000000088c00000, 0x0000000088c00000| Complete 
| 141|0x0000000088d00000, 0x0000000088e00000, 0x0000000088e00000|100%| E|CS|TAMS 0x0000000088d00000, 0x0000000088d00000| Complete 
| 142|0x0000000088e00000, 0x0000000088f00000, 0x0000000088f00000|100%| E|CS|TAMS 0x0000000088e00000, 0x0000000088e00000| Complete 
| 143|0x0000000088f00000, 0x0000000089000000, 0x0000000089000000|100%| E|CS|TAMS 0x0000000088f00000, 0x0000000088f00000| Complete 
| 144|0x0000000089000000, 0x0000000089100000, 0x0000000089100000|100%| E|CS|TAMS 0x0000000089000000, 0x0000000089000000| Complete 
| 145|0x0000000089100000, 0x0000000089200000, 0x0000000089200000|100%| E|CS|TAMS 0x0000000089100000, 0x0000000089100000| Complete 
| 146|0x0000000089200000, 0x0000000089300000, 0x0000000089300000|100%| E|CS|TAMS 0x0000000089200000, 0x0000000089200000| Complete 
| 147|0x0000000089300000, 0x0000000089400000, 0x0000000089400000|100%| E|CS|TAMS 0x0000000089300000, 0x0000000089300000| Complete 
| 148|0x0000000089400000, 0x0000000089500000, 0x0000000089500000|100%| E|CS|TAMS 0x0000000089400000, 0x0000000089400000| Complete 
| 149|0x0000000089500000, 0x0000000089600000, 0x0000000089600000|100%| E|CS|TAMS 0x0000000089500000, 0x0000000089500000| Complete 
| 150|0x0000000089600000, 0x0000000089700000, 0x0000000089700000|100%| E|CS|TAMS 0x0000000089600000, 0x0000000089600000| Complete 
| 151|0x0000000089700000, 0x0000000089800000, 0x0000000089800000|100%| E|CS|TAMS 0x0000000089700000, 0x0000000089700000| Complete 
| 152|0x0000000089800000, 0x0000000089900000, 0x0000000089900000|100%| E|CS|TAMS 0x0000000089800000, 0x0000000089800000| Complete 
| 153|0x0000000089900000, 0x0000000089a00000, 0x0000000089a00000|100%| E|CS|TAMS 0x0000000089900000, 0x0000000089900000| Complete 
| 154|0x0000000089a00000, 0x0000000089b00000, 0x0000000089b00000|100%| E|CS|TAMS 0x0000000089a00000, 0x0000000089a00000| Complete 
| 155|0x0000000089b00000, 0x0000000089c00000, 0x0000000089c00000|100%| E|CS|TAMS 0x0000000089b00000, 0x0000000089b00000| Complete 
| 156|0x0000000089c00000, 0x0000000089d00000, 0x0000000089d00000|100%| E|CS|TAMS 0x0000000089c00000, 0x0000000089c00000| Complete 
| 157|0x0000000089d00000, 0x0000000089e00000, 0x0000000089e00000|100%| E|CS|TAMS 0x0000000089d00000, 0x0000000089d00000| Complete 
| 158|0x0000000089e00000, 0x0000000089f00000, 0x0000000089f00000|100%| E|CS|TAMS 0x0000000089e00000, 0x0000000089e00000| Complete 
| 159|0x0000000089f00000, 0x000000008a000000, 0x000000008a000000|100%| E|CS|TAMS 0x0000000089f00000, 0x0000000089f00000| Complete 
| 160|0x000000008a000000, 0x000000008a100000, 0x000000008a100000|100%| E|CS|TAMS 0x000000008a000000, 0x000000008a000000| Complete 
| 161|0x000000008a100000, 0x000000008a200000, 0x000000008a200000|100%| E|CS|TAMS 0x000000008a100000, 0x000000008a100000| Complete 
| 162|0x000000008a200000, 0x000000008a300000, 0x000000008a300000|100%| E|CS|TAMS 0x000000008a200000, 0x000000008a200000| Complete 
| 163|0x000000008a300000, 0x000000008a400000, 0x000000008a400000|100%| E|CS|TAMS 0x000000008a300000, 0x000000008a300000| Complete 
| 164|0x000000008a400000, 0x000000008a500000, 0x000000008a500000|100%| E|CS|TAMS 0x000000008a400000, 0x000000008a400000| Complete 
| 165|0x000000008a500000, 0x000000008a600000, 0x000000008a600000|100%| E|CS|TAMS 0x000000008a500000, 0x000000008a500000| Complete 
| 166|0x000000008a600000, 0x000000008a700000, 0x000000008a700000|100%| E|CS|TAMS 0x000000008a600000, 0x000000008a600000| Complete 
| 167|0x000000008a700000, 0x000000008a800000, 0x000000008a800000|100%| E|CS|TAMS 0x000000008a700000, 0x000000008a700000| Complete 
| 168|0x000000008a800000, 0x000000008a900000, 0x000000008a900000|100%| E|CS|TAMS 0x000000008a800000, 0x000000008a800000| Complete 
| 169|0x000000008a900000, 0x000000008aa00000, 0x000000008aa00000|100%| E|CS|TAMS 0x000000008a900000, 0x000000008a900000| Complete 
| 170|0x000000008aa00000, 0x000000008ab00000, 0x000000008ab00000|100%| E|CS|TAMS 0x000000008aa00000, 0x000000008aa00000| Complete 
| 171|0x000000008ab00000, 0x000000008ac00000, 0x000000008ac00000|100%| E|CS|TAMS 0x000000008ab00000, 0x000000008ab00000| Complete 
| 172|0x000000008ac00000, 0x000000008ad00000, 0x000000008ad00000|100%| E|CS|TAMS 0x000000008ac00000, 0x000000008ac00000| Complete 

Card table byte_map: [0x0000016aba130000,0x0000016aba530000] _byte_map_base: 0x0000016ab9d30000

Marking Bits (Prev, Next): (CMBitMap*) 0x0000016aa50197a8, (CMBitMap*) 0x0000016aa50197e0
 Prev Bits: [0x0000016aba930000, 0x0000016abc930000)
 Next Bits: [0x0000016abc930000, 0x0000016abe930000)

Polling page: 0x0000016aa50a0000

Metaspace:

Usage:
  Non-class:     81.91 MB capacity,    80.60 MB ( 98%) used,     1.05 MB (  1%) free+waste,   261.38 KB ( <1%) overhead. 
      Class:     12.66 MB capacity,    11.83 MB ( 93%) used,   728.31 KB (  6%) free+waste,   115.63 KB ( <1%) overhead. 
       Both:     94.56 MB capacity,    92.43 MB ( 98%) used,     1.76 MB (  2%) free+waste,   377.00 KB ( <1%) overhead. 

Virtual space:
  Non-class space:       84.00 MB reserved,      82.12 MB ( 98%) committed 
      Class space:        1.00 GB reserved,      12.75 MB (  1%) committed 
             Both:        1.08 GB reserved,      94.87 MB (  9%) committed 

Chunk freelists:
   Non-Class:  26.00 KB
       Class:  32.00 KB
        Both:  58.00 KB

MaxMetaspaceSize: 17179869184.00 GB
CompressedClassSpaceSize: 1.00 GB
Initial GC threshold: 20.80 MB
Current GC threshold: 157.08 MB
CDS: off

CodeHeap 'non-profiled nmethods': size=120000Kb used=7628Kb max_used=7628Kb free=112371Kb
 bounds [0x0000016ab1d90000, 0x0000016ab2510000, 0x0000016ab92c0000]
CodeHeap 'profiled nmethods': size=120000Kb used=26654Kb max_used=26654Kb free=93345Kb
 bounds [0x0000016aaa860000, 0x0000016aac270000, 0x0000016ab1d90000]
CodeHeap 'non-nmethods': size=5760Kb used=2381Kb max_used=2428Kb free=3378Kb
 bounds [0x0000016aaa2c0000, 0x0000016aaa530000, 0x0000016aaa860000]
 total_blobs=12873 nmethods=11970 adapters=814
 compilation: enabled
              stopped_count=0, restarted_count=0
 full_count=0

Compilation events (20 events):
Event: 57.317 Thread 0x0000016ac1da2800 12029       3       org.gradle.execution.plan.ExecutionNodeAccessHierarchy$DefaultNodeAccess::<init> (10 bytes)
Event: 57.318 Thread 0x0000016ac1da2800 nmethod 12029 0x0000016aac25b210 code [0x0000016aac25b3c0, 0x0000016aac25b578]
Event: 57.318 Thread 0x0000016ac1da2800 12031       3       org.gradle.execution.plan.ExecutionNodeAccessHierarchy$AbstractNodeAccessVisitor::getResult (8 bytes)
Event: 57.318 Thread 0x0000016ac1da2800 nmethod 12031 0x0000016aac25b610 code [0x0000016aac25b7c0, 0x0000016aac25b988]
Event: 57.318 Thread 0x0000016ac1da2800 12032       3       org.gradle.execution.plan.ExecutionNodeAccessHierarchy::visitValues (37 bytes)
Event: 57.320 Thread 0x0000016ac1da2800 nmethod 12032 0x0000016aac25ba90 code [0x0000016aac25be40, 0x0000016aac25d908]
Event: 57.320 Thread 0x0000016ac1da2800 12033       3       org.gradle.execution.plan.ValuedVfsHierarchy$1::handleUnrelatedToAnyChild (5 bytes)
Event: 57.320 Thread 0x0000016ac1da2800 nmethod 12033 0x0000016aac25e190 code [0x0000016aac25e340, 0x0000016aac25e4b8]
Event: 57.320 Thread 0x0000016ac1da2800 12034       3       org.gradle.execution.plan.LocalTaskNodeExecutor$$Lambda$1106/0x0000000100be6840::<init> (26 bytes)
Event: 57.321 Thread 0x0000016ac1da2800 nmethod 12034 0x0000016aac25e590 code [0x0000016aac25e760, 0x0000016aac25ea38]
Event: 57.324 Thread 0x0000016acb345000 nmethod 12019 0x0000016ab24ffb10 code [0x0000016ab24ffce0, 0x0000016ab2500a88]
Event: 57.324 Thread 0x0000016acb345000 12018       4       com.google.common.collect.ImmutableMultimap$1::next (5 bytes)
Event: 57.330 Thread 0x0000016ac1da2800 12035       1       org.gradle.internal.resources.AbstractResourceLockRegistry$ThreadLockDetails::access$200 (5 bytes)
Event: 57.330 Thread 0x0000016ac1da2800 nmethod 12035 0x0000016ab2500e90 code [0x0000016ab2501040, 0x0000016ab25010d8]
Event: 57.333 Thread 0x0000016ac1da1800 nmethod 12027 0x0000016ab2501190 code [0x0000016ab2501360, 0x0000016ab2501a98]
Event: 57.333 Thread 0x0000016ac1da1800 12026       4       org.gradle.internal.snapshot.ChildMap$Entry::handlePath (135 bytes)
Event: 57.336 Thread 0x0000016ac1da2800 12037       3       org.gradle.internal.execution.steps.ResolveChangesStep$$Lambda$919/0x0000000100b8d840::<init> (32 bytes)
Event: 57.336 Thread 0x0000016ac1da2800 nmethod 12037 0x0000016aac25eb10 code [0x0000016aac25ece0, 0x0000016aac25f018]
Event: 57.341 Thread 0x0000016acb345000 nmethod 12018 0x0000016ab2501f90 code [0x0000016ab25021a0, 0x0000016ab2502958]
Event: 57.342 Thread 0x0000016acb345000 12038       4       com.google.common.collect.RegularImmutableMap::fromEntryArray (201 bytes)

GC Heap History (20 events):
Event: 51.030 GC heap before
{Heap before GC invocations=40 (full 0):
 garbage-first heap   total 122880K, used 100764K [0x0000000080000000, 0x0000000100000000)
  region size 1024K, 27 young (27648K), 4 survivors (4096K)
 Metaspace       used 81140K, capacity 82944K, committed 83068K, reserved 1122304K
  class space    used 10532K, capacity 11193K, committed 11264K, reserved 1048576K
}
Event: 51.042 GC heap after
{Heap after GC invocations=41 (full 0):
 garbage-first heap   total 147456K, used 78340K [0x0000000080000000, 0x0000000100000000)
  region size 1024K, 3 young (3072K), 3 survivors (3072K)
 Metaspace       used 81140K, capacity 82944K, committed 83068K, reserved 1122304K
  class space    used 10532K, capacity 11193K, committed 11264K, reserved 1048576K
}
Event: 51.817 GC heap before
{Heap before GC invocations=42 (full 0):
 garbage-first heap   total 147456K, used 114180K [0x0000000080000000, 0x0000000100000000)
  region size 1024K, 38 young (38912K), 3 survivors (3072K)
 Metaspace       used 84348K, capacity 86220K, committed 86524K, reserved 1124352K
  class space    used 10901K, capacity 11591K, committed 11648K, reserved 1048576K
}
Event: 51.824 GC heap after
{Heap after GC invocations=43 (full 0):
 garbage-first heap   total 147456K, used 81344K [0x0000000080000000, 0x0000000100000000)
  region size 1024K, 5 young (5120K), 5 survivors (5120K)
 Metaspace       used 84348K, capacity 86220K, committed 86524K, reserved 1124352K
  class space    used 10901K, capacity 11591K, committed 11648K, reserved 1048576K
}
Event: 52.900 GC heap before
{Heap before GC invocations=43 (full 0):
 garbage-first heap   total 147456K, used 116160K [0x0000000080000000, 0x0000000100000000)
  region size 1024K, 39 young (39936K), 5 survivors (5120K)
 Metaspace       used 86801K, capacity 88741K, committed 88956K, reserved 1126400K
  class space    used 11280K, capacity 12002K, committed 12032K, reserved 1048576K
}
Event: 52.918 GC heap after
{Heap after GC invocations=44 (full 0):
 garbage-first heap   total 147456K, used 84911K [0x0000000080000000, 0x0000000100000000)
  region size 1024K, 4 young (4096K), 4 survivors (4096K)
 Metaspace       used 86801K, capacity 88741K, committed 88956K, reserved 1126400K
  class space    used 11280K, capacity 12002K, committed 12032K, reserved 1048576K
}
Event: 53.397 GC heap before
{Heap before GC invocations=45 (full 0):
 garbage-first heap   total 147456K, used 118703K [0x0000000080000000, 0x0000000100000000)
  region size 1024K, 37 young (37888K), 4 survivors (4096K)
 Metaspace       used 87516K, capacity 89694K, committed 89980K, reserved 1126400K
  class space    used 11392K, capacity 12169K, committed 12288K, reserved 1048576K
}
Event: 53.406 GC heap after
{Heap after GC invocations=46 (full 0):
 garbage-first heap   total 147456K, used 89669K [0x0000000080000000, 0x0000000100000000)
  region size 1024K, 5 young (5120K), 5 survivors (5120K)
 Metaspace       used 87516K, capacity 89694K, committed 89980K, reserved 1126400K
  class space    used 11392K, capacity 12169K, committed 12288K, reserved 1048576K
}
Event: 53.773 GC heap before
{Heap before GC invocations=46 (full 0):
 garbage-first heap   total 147456K, used 119365K [0x0000000080000000, 0x0000000100000000)
  region size 1024K, 35 young (35840K), 5 survivors (5120K)
 Metaspace       used 87713K, capacity 89909K, committed 90236K, reserved 1128448K
  class space    used 11392K, capacity 12169K, committed 12288K, reserved 1048576K
}
Event: 53.781 GC heap after
{Heap after GC invocations=47 (full 0):
 garbage-first heap   total 177152K, used 91385K [0x0000000080000000, 0x0000000100000000)
  region size 1024K, 4 young (4096K), 4 survivors (4096K)
 Metaspace       used 87713K, capacity 89909K, committed 90236K, reserved 1128448K
  class space    used 11392K, capacity 12169K, committed 12288K, reserved 1048576K
}
Event: 54.534 GC heap before
{Heap before GC invocations=48 (full 0):
 garbage-first heap   total 177152K, used 134393K [0x0000000080000000, 0x0000000100000000)
  region size 1024K, 47 young (48128K), 4 survivors (4096K)
 Metaspace       used 88152K, capacity 90285K, committed 90492K, reserved 1128448K
  class space    used 11435K, capacity 12220K, committed 12288K, reserved 1048576K
}
Event: 54.540 GC heap after
{Heap after GC invocations=49 (full 0):
 garbage-first heap   total 177152K, used 94882K [0x0000000080000000, 0x0000000100000000)
  region size 1024K, 6 young (6144K), 6 survivors (6144K)
 Metaspace       used 88152K, capacity 90285K, committed 90492K, reserved 1128448K
  class space    used 11435K, capacity 12220K, committed 12288K, reserved 1048576K
}
Event: 54.965 GC heap before
{Heap before GC invocations=49 (full 0):
 garbage-first heap   total 177152K, used 136866K [0x0000000080000000, 0x0000000100000000)
  region size 1024K, 48 young (49152K), 6 survivors (6144K)
 Metaspace       used 88437K, capacity 90639K, committed 90748K, reserved 1128448K
  class space    used 11440K, capacity 12254K, committed 12288K, reserved 1048576K
}
Event: 54.974 GC heap after
{Heap after GC invocations=50 (full 0):
 garbage-first heap   total 177152K, used 98163K [0x0000000080000000, 0x0000000100000000)
  region size 1024K, 5 young (5120K), 5 survivors (5120K)
 Metaspace       used 88437K, capacity 90639K, committed 90748K, reserved 1128448K
  class space    used 11440K, capacity 12254K, committed 12288K, reserved 1048576K
}
Event: 55.853 GC heap before
{Heap before GC invocations=51 (full 0):
 garbage-first heap   total 177152K, used 139123K [0x0000000080000000, 0x0000000100000000)
  region size 1024K, 46 young (47104K), 5 survivors (5120K)
 Metaspace       used 90466K, capacity 92649K, committed 93052K, reserved 1130496K
  class space    used 11580K, capacity 12385K, committed 12544K, reserved 1048576K
}
Event: 55.859 GC heap after
{Heap after GC invocations=52 (full 0):
 garbage-first heap   total 177152K, used 99549K [0x0000000080000000, 0x0000000100000000)
  region size 1024K, 2 young (2048K), 2 survivors (2048K)
 Metaspace       used 90466K, capacity 92649K, committed 93052K, reserved 1130496K
  class space    used 11580K, capacity 12385K, committed 12544K, reserved 1048576K
}
Event: 56.489 GC heap before
{Heap before GC invocations=52 (full 0):
 garbage-first heap   total 177152K, used 142557K [0x0000000080000000, 0x0000000100000000)
  region size 1024K, 44 young (45056K), 2 survivors (2048K)
 Metaspace       used 93757K, capacity 95860K, committed 96252K, reserved 1132544K
  class space    used 12019K, capacity 12811K, committed 12928K, reserved 1048576K
}
Event: 56.495 GC heap after
{Heap after GC invocations=53 (full 0):
 garbage-first heap   total 177152K, used 100035K [0x0000000080000000, 0x0000000100000000)
  region size 1024K, 3 young (3072K), 3 survivors (3072K)
 Metaspace       used 93757K, capacity 95860K, committed 96252K, reserved 1132544K
  class space    used 12019K, capacity 12811K, committed 12928K, reserved 1048576K
}
Event: 57.168 GC heap before
{Heap before GC invocations=54 (full 0):
 garbage-first heap   total 177152K, used 143043K [0x0000000080000000, 0x0000000100000000)
  region size 1024K, 46 young (47104K), 3 survivors (3072K)
 Metaspace       used 94595K, capacity 96816K, committed 97148K, reserved 1134592K
  class space    used 12109K, capacity 12956K, committed 13056K, reserved 1048576K
}
Event: 57.180 GC heap after
{Heap after GC invocations=55 (full 0):
 garbage-first heap   total 177152K, used 104493K [0x0000000080000000, 0x0000000100000000)
  region size 1024K, 6 young (6144K), 6 survivors (6144K)
 Metaspace       used 94595K, capacity 96816K, committed 97148K, reserved 1134592K
  class space    used 12109K, capacity 12956K, committed 13056K, reserved 1048576K
}

Deoptimization events (20 events):
Event: 57.204 Thread 0x0000016acc23c000 Uncommon trap: trap_request=0xffffffde fr.pc=0x0000016ab23eadb4 relative=0x0000000000000274
Event: 57.204 Thread 0x0000016acc23c000 Uncommon trap: reason=class_check action=maybe_recompile pc=0x0000016ab23eadb4 method=java.util.concurrent.ConcurrentHashMap.get(Ljava/lang/Object;)Ljava/lang/Object; @ 93 c2
Event: 57.204 Thread 0x0000016acc23c000 DEOPT PACKING pc=0x0000016ab23eadb4 sp=0x00000032d13fd950
Event: 57.204 Thread 0x0000016acc23c000 DEOPT UNPACKING pc=0x0000016aaa30a1af sp=0x00000032d13fd8a8 mode 2
Event: 57.248 Thread 0x0000016acc4d8800 Uncommon trap: trap_request=0xffffff4d fr.pc=0x0000016ab2451410 relative=0x0000000000000d50
Event: 57.248 Thread 0x0000016acc4d8800 Uncommon trap: reason=unstable_if action=reinterpret pc=0x0000016ab2451410 method=java.util.concurrent.locks.LockSupport.unpark(Ljava/lang/Thread;)V @ 1 c2
Event: 57.248 Thread 0x0000016acc4d8800 DEOPT PACKING pc=0x0000016ab2451410 sp=0x00000032d0afdfb0
Event: 57.248 Thread 0x0000016acc4d8800 DEOPT UNPACKING pc=0x0000016aaa30a1af sp=0x00000032d0afdce8 mode 2
Event: 57.316 Thread 0x0000016acdb71000 Uncommon trap: trap_request=0xffffffde fr.pc=0x0000016ab24e5ecc relative=0x000000000000058c
Event: 57.316 Thread 0x0000016acdb71000 Uncommon trap: reason=class_check action=maybe_recompile pc=0x0000016ab24e5ecc method=org.gradle.internal.snapshot.LargeChildMap.withNode(Lorg/gradle/internal/snapshot/VfsRelativePath;Lorg/gradle/internal/snapshot/CaseSensitivity;Lorg/gradle/internal/snap
Event: 57.316 Thread 0x0000016acdb71000 DEOPT PACKING pc=0x0000016ab24e5ecc sp=0x00000032d36fc4d0
Event: 57.316 Thread 0x0000016acdb71000 DEOPT UNPACKING pc=0x0000016aaa30a1af sp=0x00000032d36fc490 mode 2
Event: 57.323 Thread 0x0000016acdb71000 Uncommon trap: trap_request=0xffffffde fr.pc=0x0000016ab245da54 relative=0x00000000000037f4
Event: 57.323 Thread 0x0000016acdb71000 Uncommon trap: reason=class_check action=maybe_recompile pc=0x0000016ab245da54 method=org.gradle.internal.snapshot.impl.AbstractValueProcessor.processValue(Ljava/lang/Object;Lorg/gradle/internal/snapshot/impl/AbstractValueProcessor$ValueVisitor;)Ljava/lan
Event: 57.323 Thread 0x0000016acdb71000 DEOPT PACKING pc=0x0000016ab245da54 sp=0x00000032d36fcab0
Event: 57.323 Thread 0x0000016acdb71000 DEOPT UNPACKING pc=0x0000016aaa30a1af sp=0x00000032d36fcac0 mode 2
Event: 57.328 Thread 0x0000016acdb71000 Uncommon trap: trap_request=0xffffff7e fr.pc=0x0000016ab24e48bc relative=0x0000000000000b9c
Event: 57.328 Thread 0x0000016acdb71000 Uncommon trap: reason=predicate action=maybe_recompile pc=0x0000016ab24e48bc method=com.google.common.collect.RegularImmutableMap.fromEntryArray(I[Ljava/util/Map$Entry;)Lcom/google/common/collect/ImmutableMap; @ 59 c2
Event: 57.328 Thread 0x0000016acdb71000 DEOPT PACKING pc=0x0000016ab24e48bc sp=0x00000032d36fca50
Event: 57.328 Thread 0x0000016acdb71000 DEOPT UNPACKING pc=0x0000016aaa30a1af sp=0x00000032d36fc9f8 mode 2

Classes redefined (0 events):
No events

Internal exceptions (20 events):
Event: 52.270 Thread 0x0000016ac7ea9000 Exception <a 'java/lang/NoSuchMethodError'{0x0000000087a0a888}: <clinit>> (0x0000000087a0a888) thrown at [./src/hotspot/share/prims/jni.cpp, line 1366]
Event: 52.273 Thread 0x0000016acb22c000 Exception <a 'java/lang/NoSuchMethodError'{0x0000000087bfa5b8}: <clinit>> (0x0000000087bfa5b8) thrown at [./src/hotspot/share/prims/jni.cpp, line 1366]
Event: 52.275 Thread 0x0000016acb22c000 Exception <a 'java/lang/NoSuchMethodError'{0x0000000087a1fda0}: 'void java.lang.invoke.DirectMethodHandle$Holder.invokeSpecial(java.lang.Object, java.lang.Object, java.lang.Object, int)'> (0x0000000087a1fda0) thrown at [./src/hotspot/share/interpreter/linkResolver.cpp, line 773]
Event: 52.288 Thread 0x0000016acdb6f800 Exception <a 'java/lang/NoSuchMethodError'{0x0000000087ab3620}: 'int java.lang.invoke.DirectMethodHandle$Holder.invokeSpecial(java.lang.Object, java.lang.Object, java.lang.Object, java.lang.Object, java.lang.Object)'> (0x0000000087ab3620) thrown at [./src/hotspot/share/interpreter/linkResolver.cpp, line 773]
Event: 53.000 Thread 0x0000016acdb72000 Exception <a 'java/lang/NoSuchMethodError'{0x0000000088dc0058}: 'void java.lang.invoke.DirectMethodHandle$Holder.invokeStatic(java.lang.Object, java.lang.Object, java.lang.Object, java.lang.Object, int, java.lang.Object, java.lang.Object)'> (0x0000000088dc0058) thrown at [./src/hotspot/share/interpreter/linkResolver.cpp, line 773]
Event: 53.070 Thread 0x0000016acbee2000 Exception <a 'java/lang/NoSuchMethodError'{0x0000000088769c30}: 'java.lang.Object java.lang.invoke.DirectMethodHandle$Holder.invokeSpecialIFC(java.lang.Object, java.lang.Object, java.lang.Object)'> (0x0000000088769c30) thrown at [./src/hotspot/share/interpreter/linkResolver.cpp, line 773]
Event: 53.070 Thread 0x0000016acdb72000 Exception <a 'java/lang/NoSuchMethodError'{0x00000000888a1910}: 'java.lang.Object java.lang.invoke.DirectMethodHandle$Holder.invokeSpecialIFC(java.lang.Object, java.lang.Object, java.lang.Object)'> (0x00000000888a1910) thrown at [./src/hotspot/share/interpreter/linkResolver.cpp, line 773]
Event: 53.070 Thread 0x0000016acbedf800 Exception <a 'java/lang/NoSuchMethodError'{0x000000008877ecd0}: 'java.lang.Object java.lang.invoke.DirectMethodHandle$Holder.invokeSpecialIFC(java.lang.Object, java.lang.Object, java.lang.Object)'> (0x000000008877ecd0) thrown at [./src/hotspot/share/interpreter/linkResolver.cpp, line 773]
Event: 53.070 Thread 0x0000016acc4d6000 Exception <a 'java/lang/NoSuchMethodError'{0x0000000088763db8}: 'java.lang.Object java.lang.invoke.DirectMethodHandle$Holder.invokeSpecialIFC(java.lang.Object, java.lang.Object, java.lang.Object)'> (0x0000000088763db8) thrown at [./src/hotspot/share/interpreter/linkResolver.cpp, line 773]
Event: 53.070 Thread 0x0000016acc4da000 Exception <a 'java/lang/NoSuchMethodError'{0x0000000088775490}: 'java.lang.Object java.lang.invoke.DirectMethodHandle$Holder.invokeSpecialIFC(java.lang.Object, java.lang.Object, java.lang.Object)'> (0x0000000088775490) thrown at [./src/hotspot/share/interpreter/linkResolver.cpp, line 773]
Event: 53.070 Thread 0x0000016acbee3800 Exception <a 'java/lang/NoSuchMethodError'{0x000000008875bc40}: 'java.lang.Object java.lang.invoke.DirectMethodHandle$Holder.invokeSpecialIFC(java.lang.Object, java.lang.Object, java.lang.Object)'> (0x000000008875bc40) thrown at [./src/hotspot/share/interpreter/linkResolver.cpp, line 773]
Event: 53.070 Thread 0x0000016acc4cd000 Exception <a 'java/lang/NoSuchMethodError'{0x0000000088789c10}: 'java.lang.Object java.lang.invoke.DirectMethodHandle$Holder.invokeSpecialIFC(java.lang.Object, java.lang.Object, java.lang.Object)'> (0x0000000088789c10) thrown at [./src/hotspot/share/interpreter/linkResolver.cpp, line 773]
Event: 53.070 Thread 0x0000016acbee6000 Exception <a 'java/lang/NoSuchMethodError'{0x000000008872df90}: 'java.lang.Object java.lang.invoke.DirectMethodHandle$Holder.invokeSpecialIFC(java.lang.Object, java.lang.Object, java.lang.Object)'> (0x000000008872df90) thrown at [./src/hotspot/share/interpreter/linkResolver.cpp, line 773]
Event: 53.264 Thread 0x0000016acbee2000 Exception <a 'java/lang/NoSuchMethodError'{0x0000000087cc66f8}: 'void java.lang.invoke.DirectMethodHandle$Holder.invokeVirtual(java.lang.Object, java.lang.Object)'> (0x0000000087cc66f8) thrown at [./src/hotspot/share/interpreter/linkResolver.cpp, line 773]
Event: 53.274 Thread 0x0000016acc4cd000 Implicit null exception at 0x0000016ab23958db to 0x0000016ab239596c
Event: 53.527 Thread 0x0000016acb224000 Implicit null exception at 0x0000016ab23aebf4 to 0x0000016ab23af558
Event: 54.385 Thread 0x0000016acdb72000 Exception <a 'java/lang/NoSuchMethodError'{0x0000000088847830}: 'void java.lang.invoke.DirectMethodHandle$Holder.invokeInterface(java.lang.Object, java.lang.Object, java.lang.Object, java.lang.Object)'> (0x0000000088847830) thrown at [./src/hotspot/share/interpreter/linkResolver.cpp, line 773]
Event: 55.652 Thread 0x0000016acdb72000 Implicit null exception at 0x0000016ab1de6094 to 0x0000016ab1de66d4
Event: 55.866 Thread 0x0000016acdb72000 Exception <a 'java/lang/NoSuchMethodError'{0x000000008ac24098}: 'java.lang.Object java.lang.invoke.DirectMethodHandle$Holder.newInvokeSpecial(java.lang.Object, java.lang.Object, java.lang.Object, java.lang.Object)'> (0x000000008ac24098) thrown at [./src/hotspot/share/interpreter/linkResolver.cpp, line 773]
Event: 55.878 Thread 0x0000016ac7ea9000 Exception <a 'java/lang/NoSuchMethodError'{0x000000008ab30df8}: <clinit>> (0x000000008ab30df8) thrown at [./src/hotspot/share/prims/jni.cpp, line 1366]

Events (20 events):
Event: 56.830 Executing VM operation: RevokeBias
Event: 56.830 Executing VM operation: RevokeBias done
Event: 56.837 Executing VM operation: RevokeBias
Event: 56.838 Executing VM operation: RevokeBias done
Event: 56.845 Executing VM operation: RevokeBias
Event: 56.845 Executing VM operation: RevokeBias done
Event: 56.846 Executing VM operation: RevokeBias
Event: 56.846 Executing VM operation: RevokeBias done
Event: 56.847 Executing VM operation: RevokeBias
Event: 56.847 Executing VM operation: RevokeBias done
Event: 56.861 Executing VM operation: RevokeBias
Event: 56.861 Executing VM operation: RevokeBias done
Event: 56.990 loading class org/gradle/internal/Try$1
Event: 56.990 loading class org/gradle/internal/Try$1 done
Event: 57.040 Executing VM operation: RevokeBias
Event: 57.041 Executing VM operation: RevokeBias done
Event: 57.054 loading class org/gradle/api/specs/OrSpec
Event: 57.054 loading class org/gradle/api/specs/OrSpec done
Event: 57.167 Executing VM operation: G1CollectForAllocation
Event: 57.180 Executing VM operation: G1CollectForAllocation done


Dynamic libraries:
0x00007ff6664a0000 - 0x00007ff6664aa000 	D:\\android stidio\jre\bin\java.exe
0x00007fff9cbc0000 - 0x00007fff9cdae000 	C:\Windows\SYSTEM32\ntdll.dll
0x00007fff7b0c0000 - 0x00007fff7b0d7000 	C:\Program Files\Avast Software\Avast\aswhook.dll
0x00007fff9a0c0000 - 0x00007fff9a173000 	C:\Windows\System32\KERNEL32.DLL
0x00007fff998d0000 - 0x00007fff99b6d000 	C:\Windows\System32\KERNELBASE.dll
0x00007fff99b90000 - 0x00007fff99c8a000 	C:\Windows\System32\ucrtbase.dll
0x00007fff91cd0000 - 0x00007fff91ce7000 	D:\\android stidio\jre\bin\VCRUNTIME140.dll
0x00007fff91330000 - 0x00007fff91349000 	D:\\android stidio\jre\bin\jli.dll
0x00007fff83c70000 - 0x00007fff83ee9000 	C:\Windows\WinSxS\amd64_microsoft.windows.common-controls_6595b64144ccf1df_6.0.17763.3650_none_de72e6e05349b85a\COMCTL32.dll
0x00007fff9b2c0000 - 0x00007fff9b458000 	C:\Windows\System32\USER32.dll
0x00007fff9aaf0000 - 0x00007fff9ab8e000 	C:\Windows\System32\msvcrt.dll
0x00007fff99b70000 - 0x00007fff99b90000 	C:\Windows\System32\win32u.dll
0x00007fff9a7c0000 - 0x00007fff9aaeb000 	C:\Windows\System32\combase.dll
0x00007fff9c960000 - 0x00007fff9ca7d000 	C:\Windows\System32\RPCRT4.dll
0x00007fff9cb60000 - 0x00007fff9cb89000 	C:\Windows\System32\GDI32.dll
0x00007fff98f20000 - 0x00007fff990c0000 	C:\Windows\System32\gdi32full.dll
0x00007fff99d60000 - 0x00007fff99de2000 	C:\Windows\System32\bcryptPrimitives.dll
0x00007fff98e80000 - 0x00007fff98f20000 	C:\Windows\System32\msvcp_win.dll
0x00007fff99fe0000 - 0x00007fff9a00e000 	C:\Windows\System32\IMM32.DLL
0x00007fff80de0000 - 0x00007fff80e7d000 	D:\\android stidio\jre\bin\msvcp140.dll
0x00007fff717f0000 - 0x00007fff722f2000 	D:\\android stidio\jre\bin\server\jvm.dll
0x00007fff9a180000 - 0x00007fff9a227000 	C:\Windows\System32\ADVAPI32.dll
0x00007fff9a2b0000 - 0x00007fff9a34f000 	C:\Windows\System32\sechost.dll
0x00007fff9cae0000 - 0x00007fff9cae8000 	C:\Windows\System32\PSAPI.DLL
0x00007fff887f0000 - 0x00007fff887f9000 	C:\Windows\SYSTEM32\WSOCK32.dll
0x00007fff967a0000 - 0x00007fff967c4000 	C:\Windows\SYSTEM32\WINMM.dll
0x00007fff93750000 - 0x00007fff9375a000 	C:\Windows\SYSTEM32\VERSION.dll
0x00007fff9caf0000 - 0x00007fff9cb5d000 	C:\Windows\System32\WS2_32.dll
0x00007fff96410000 - 0x00007fff9643d000 	C:\Windows\SYSTEM32\winmmbase.dll
0x00007fff990c0000 - 0x00007fff9910a000 	C:\Windows\System32\cfgmgr32.dll
0x00007fff98b80000 - 0x00007fff98b91000 	C:\Windows\System32\kernel.appcore.dll
0x00007fff7dbc0000 - 0x00007fff7dbd1000 	D:\\android stidio\jre\bin\verify.dll
0x00007fff98650000 - 0x00007fff9883d000 	C:\Windows\SYSTEM32\DBGHELP.DLL
0x00007fff983b0000 - 0x00007fff983da000 	C:\Windows\SYSTEM32\dbgcore.DLL
0x00007fff7ac60000 - 0x00007fff7ac89000 	D:\\android stidio\jre\bin\java.dll
0x00007fff837b0000 - 0x00007fff837bb000 	D:\\android stidio\jre\bin\jimage.dll
0x00007fff7dba0000 - 0x00007fff7dbb8000 	D:\\android stidio\jre\bin\zip.dll
0x00007fff9b460000 - 0x00007fff9c958000 	C:\Windows\System32\SHELL32.dll
0x00007fff9a010000 - 0x00007fff9a0b7000 	C:\Windows\System32\shcore.dll
0x00007fff99110000 - 0x00007fff99859000 	C:\Windows\System32\windows.storage.dll
0x00007fff98c00000 - 0x00007fff98c23000 	C:\Windows\System32\profapi.dll
0x00007fff98ba0000 - 0x00007fff98bfd000 	C:\Windows\System32\powrprof.dll
0x00007fff9ca80000 - 0x00007fff9cad2000 	C:\Windows\System32\shlwapi.dll
0x00007fff99d40000 - 0x00007fff99d5b000 	C:\Windows\System32\cryptsp.dll
0x00007fff7ac40000 - 0x00007fff7ac5a000 	D:\\android stidio\jre\bin\net.dll
0x00007fff8d170000 - 0x00007fff8d26f000 	C:\Windows\SYSTEM32\WINHTTP.dll
0x00007fff97f90000 - 0x00007fff97ff7000 	C:\Windows\system32\mswsock.dll
0x00007fff7ac20000 - 0x00007fff7ac34000 	D:\\android stidio\jre\bin\nio.dll
0x00007fff93590000 - 0x00007fff935b7000 	C:\Users\RedMuri\.gradle\native\e1d6ef7f7dcc3fd88c89a11ec53ec762bb8ba0a96d01ffa2cd45eb1d1d8dd5c5\windows-amd64\native-platform.dll
0x00007fff70780000 - 0x00007fff708c4000 	C:\Users\RedMuri\.gradle\native\0d407fdbe67a94daf76414ababcb853783967236a71b16ec16e742cd7a986fd3\windows-amd64\native-platform-file-events.dll
0x00007fff83640000 - 0x00007fff8364a000 	D:\\android stidio\jre\bin\management.dll
0x00007fff83490000 - 0x00007fff8349d000 	D:\\android stidio\jre\bin\management_ext.dll
0x00007fff97b10000 - 0x00007fff97b43000 	C:\Windows\system32\rsaenh.dll
0x00007fff98e50000 - 0x00007fff98e76000 	C:\Windows\System32\bcrypt.dll
0x00007fff98a80000 - 0x00007fff98aa9000 	C:\Windows\SYSTEM32\USERENV.dll
0x00007fff98160000 - 0x00007fff9816c000 	C:\Windows\SYSTEM32\CRYPTBASE.dll
0x00007fff97ca0000 - 0x00007fff97cdd000 	C:\Windows\SYSTEM32\IPHLPAPI.DLL
0x00007fff9a670000 - 0x00007fff9a678000 	C:\Windows\System32\NSI.dll
0x00007fff8ef80000 - 0x00007fff8ef96000 	C:\Windows\SYSTEM32\dhcpcsvc6.DLL
0x00007fff8ea90000 - 0x00007fff8eaac000 	C:\Windows\SYSTEM32\dhcpcsvc.DLL
0x00007fff97ce0000 - 0x00007fff97da6000 	C:\Windows\SYSTEM32\DNSAPI.dll

dbghelp: loaded successfully - version: 4.0.5 - missing functions: none
symbol engine: initialized successfully - sym options: 0x614 - pdb path: .;D:\\android stidio\jre\bin;C:\Windows\SYSTEM32;C:\Program Files\Avast Software\Avast;C:\Windows\WinSxS\amd64_microsoft.windows.common-controls_6595b64144ccf1df_6.0.17763.3650_none_de72e6e05349b85a;D:\\android stidio\jre\bin\server;C:\Users\RedMuri\.gradle\native\e1d6ef7f7dcc3fd88c89a11ec53ec762bb8ba0a96d01ffa2cd45eb1d1d8dd5c5\windows-amd64;C:\Users\RedMuri\.gradle\native\0d407fdbe67a94daf76414ababcb853783967236a71b16ec16e742cd7a986fd3\windows-amd64

VM Arguments:
jvm_args: --add-opens=java.base/java.util=ALL-UNNAMED --add-opens=java.base/java.lang=ALL-UNNAMED --add-opens=java.base/java.lang.invoke=ALL-UNNAMED --add-opens=java.base/java.util=ALL-UNNAMED --add-opens=java.prefs/java.util.prefs=ALL-UNNAMED --add-opens=java.prefs/java.util.prefs=ALL-UNNAMED --add-opens=java.base/java.nio.charset=ALL-UNNAMED --add-opens=java.base/java.net=ALL-UNNAMED --add-opens=java.base/java.util.concurrent.atomic=ALL-UNNAMED -Xmx2048m -Dfile.encoding=UTF-8 -Duser.country=RU -Duser.language=ru -Duser.variant 
java_command: org.gradle.launcher.daemon.bootstrap.GradleDaemon 7.4
java_class_path (initial): C:\Users\RedMuri\.gradle\wrapper\dists\gradle-7.4-bin\c0gwcg53nkjbqw7r0h0umtfvt\gradle-7.4\lib\gradle-launcher-7.4.jar
Launcher Type: SUN_STANDARD

[Global flags]
     intx CICompilerCount                          = 4                                         {product} {ergonomic}
     uint ConcGCThreads                            = 2                                         {product} {ergonomic}
     uint G1ConcRefinementThreads                  = 8                                         {product} {ergonomic}
   size_t G1HeapRegionSize                         = 1048576                                   {product} {ergonomic}
    uintx GCDrainStackTargetSize                   = 64                                        {product} {ergonomic}
   size_t InitialHeapSize                          = 100663296                                 {product} {ergonomic}
   size_t MarkStackSize                            = 4194304                                   {product} {ergonomic}
   size_t MaxHeapSize                              = 2147483648                                {product} {command line}
   size_t MaxNewSize                               = 1287651328                                {product} {ergonomic}
   size_t MinHeapDeltaBytes                        = 1048576                                   {product} {ergonomic}
    uintx NonNMethodCodeHeapSize                   = 5836300                                {pd product} {ergonomic}
    uintx NonProfiledCodeHeapSize                  = 122910970                              {pd product} {ergonomic}
    uintx ProfiledCodeHeapSize                     = 122910970                              {pd product} {ergonomic}
    uintx ReservedCodeCacheSize                    = 251658240                              {pd product} {ergonomic}
     bool SegmentedCodeCache                       = true                                      {product} {ergonomic}
     bool UseCompressedClassPointers               = true                                 {lp64_product} {ergonomic}
     bool UseCompressedOops                        = true                                 {lp64_product} {ergonomic}
     bool UseG1GC                                  = true                                      {product} {ergonomic}
     bool UseLargePagesIndividualAllocation        = false                                  {pd product} {ergonomic}

Logging:
Log output configuration:
 #0: stdout all=warning uptime,level,tags
 #1: stderr all=off uptime,level,tags

Environment Variables:
PATH=C:\Program Files\Common Files\Oracle\Java\javapath;C:\Windows\system32;C:\Windows;C:\Windows\System32\Wbem;C:\Windows\System32\WindowsPowerShell\v1.0\;C:\Windows\System32\OpenSSH\;C:\Program Files\dotnet\;C:\Program Files\Git\cmd;C:\Users\RedMuri\AppData\Local\Microsoft\WindowsApps
USERNAME=RedMuri
OS=Windows_NT
PROCESSOR_IDENTIFIER=AMD64 Family 23 Model 24 Stepping 1, AuthenticAMD



---------------  S Y S T E M  ---------------

OS: Windows 10 , 64 bit Build 17763 (10.0.17763.3287)
OS uptime: 0 days 1:17 hours

CPU:total 8 (initial active 8) (8 cores per cpu, 2 threads per core) family 23 model 24 stepping 1 microcode 0x0, cmov, cx8, fxsr, mmx, sse, sse2, sse3, ssse3, sse4.1, sse4.2, popcnt, avx, avx2, aes, clmul, mmxext, 3dnowpref, lzcnt, sse4a, ht, tsc, tscinvbit, tscinv, bmi1, bmi2, adx, sha, fma

Memory: 4k page, system-wide physical 6081M (697M free)
TotalPageFile size 12225M (AvailPageFile size 7493M)
current process WorkingSet (physical memory assigned to process): 458M, peak: 458M
current process commit charge ("private bytes"): 498M, peak: 498M

vm_info: OpenJDK 64-Bit Server VM (11.0.13+0-b1751.21-8125866) for windows-amd64 JRE (11.0.13+0-b1751.21-8125866), built on Feb  2 2022 03:00:22 by "builder" with MS VC++ 14.0 (VS2015)

END.
